2024-12-12 23:42:27,945 [INFO] Activator:176 - 


2024-12-12 23:42:27,945 [INFO] Activator:177 - !SESSION log4j initialized
2024-12-12 23:42:31,438 [INFO] LogOutputStream:77 - [STDOUT_REDIRECT] 
2024-12-12 23:42:32,945 [INFO] ApplicationProperties:184 - Using Application install path: C:\ST\STM32CubeIDE_1.16.1\STM32CubeIDE\plugins\com.st.stm32cube.common.mx_6.12.1.202409122256
2024-12-12 23:42:32,963 [INFO] DbMcusXml:78 - Set database path to: C:\ST\STM32CubeIDE_1.16.1\STM32CubeIDE\plugins\com.st.stm32cube.common.mx_6.12.1.202409122256\\db\/mcu/
2024-12-12 23:42:32,963 [INFO] ApiDb:274 - Set plugin database path to: C:\ST\STM32CubeIDE_1.16.1\STM32CubeIDE\plugins\com.st.stm32cube.common.mx_6.12.1.202409122256\\db\/plugins/boardmanager/
2024-12-12 23:42:32,963 [WARN] ApiDb:259 - Overriding images path with different value:  => C:\ST\STM32CubeIDE_1.16.1\STM32CubeIDE\plugins\com.st.stm32cube.common.mx_6.12.1.202409122256\\db\/plugins/mcufinder/images/
2024-12-12 23:42:32,968 [INFO] ApiDb:250 - Set database path to: C:\Users\30951\.stmcufinder\plugins\mcufinder//mcu/
2024-12-12 23:42:32,969 [INFO] DbMcusAds:125 - Set database path to: C:\Users\30951\.stmcufinder\plugins\mcufinder//mcu/
2024-12-12 23:42:32,971 [INFO] CrossReferenceDbSqlite:203 - Set database path to: C:\Users\30951\.stmcufinder\plugins\mcufinder//mcu/cs/
2024-12-12 23:42:33,062 [INFO] RulesReader:64 - Compatibility file has been processed (297 Rules)
2024-12-12 23:42:33,116 [INFO] DbMcusXml:78 - Set database path to: C:\ST\STM32CubeIDE_1.16.1\STM32CubeIDE\plugins\com.st.stm32cube.common.mx_6.12.1.202409122256\\db\/mcu/
2024-12-12 23:42:33,117 [INFO] ApiDb:274 - Set plugin database path to: C:\ST\STM32CubeIDE_1.16.1\STM32CubeIDE\plugins\com.st.stm32cube.common.mx_6.12.1.202409122256\\db\/plugins/boardmanager/
2024-12-12 23:42:33,117 [INFO] ApiDb:261 - Set plugin images path to: C:\ST\STM32CubeIDE_1.16.1\STM32CubeIDE\plugins\com.st.stm32cube.common.mx_6.12.1.202409122256\\db\/plugins/mcufinder/images/
2024-12-12 23:42:33,117 [WARN] DbFile:41 - Overriding database path with different value: C:\Users\30951\.stmcufinder\plugins\mcufinder/ => C:\Users\30951\.stmcufinder\plugins\mcufinder
2024-12-12 23:42:33,117 [INFO] ApiDb:250 - Set database path to: C:\Users\30951\.stmcufinder\plugins\mcufinder//mcu/
2024-12-12 23:42:33,117 [WARN] DbFile:41 - Overriding database path with different value: C:\Users\30951\.stmcufinder\plugins\mcufinder/ => C:\Users\30951\.stmcufinder\plugins\mcufinder
2024-12-12 23:42:33,117 [INFO] DbMcusAds:125 - Set database path to: C:\Users\30951\.stmcufinder\plugins\mcufinder//mcu/
2024-12-12 23:42:33,117 [WARN] DbFile:41 - Overriding database path with different value: C:\Users\30951\.stmcufinder\plugins\mcufinder/ => C:\Users\30951\.stmcufinder\plugins\mcufinder
2024-12-12 23:42:33,117 [WARN] DbFile:41 - Overriding database path with different value: C:\Users\30951\.stmcufinder\plugins\mcufinder/ => C:\Users\30951\.stmcufinder\plugins\mcufinder
2024-12-12 23:42:33,117 [INFO] CrossReferenceDbSqlite:203 - Set database path to: C:\Users\30951\.stmcufinder\plugins\mcufinder//mcu/cs/
2024-12-12 23:42:33,173 [INFO] MainPanel:268 - HeapMemory: 268435456
2024-12-12 23:42:33,267 [INFO] DbMcusXml:78 - Set database path to: C:\ST\STM32CubeIDE_1.16.1\STM32CubeIDE\plugins\com.st.stm32cube.common.mx_6.12.1.202409122256\\db\/mcu/
2024-12-12 23:42:33,267 [INFO] ApiDb:274 - Set plugin database path to: C:\ST\STM32CubeIDE_1.16.1\STM32CubeIDE\plugins\com.st.stm32cube.common.mx_6.12.1.202409122256\\db\/plugins/boardmanager/
2024-12-12 23:42:33,267 [INFO] ApiDb:261 - Set plugin images path to: C:\ST\STM32CubeIDE_1.16.1\STM32CubeIDE\plugins\com.st.stm32cube.common.mx_6.12.1.202409122256\\db\/plugins/mcufinder/images/
2024-12-12 23:42:33,268 [WARN] DbFile:41 - Overriding database path with different value: C:\Users\30951\.stmcufinder\plugins\mcufinder/ => C:\Users\30951\.stmcufinder\plugins\mcufinder
2024-12-12 23:42:33,268 [INFO] ApiDb:250 - Set database path to: C:\Users\30951\.stmcufinder\plugins\mcufinder//mcu/
2024-12-12 23:42:33,268 [WARN] DbFile:41 - Overriding database path with different value: C:\Users\30951\.stmcufinder\plugins\mcufinder/ => C:\Users\30951\.stmcufinder\plugins\mcufinder
2024-12-12 23:42:33,268 [INFO] DbMcusAds:125 - Set database path to: C:\Users\30951\.stmcufinder\plugins\mcufinder//mcu/
2024-12-12 23:42:33,268 [WARN] DbFile:41 - Overriding database path with different value: C:\Users\30951\.stmcufinder\plugins\mcufinder/ => C:\Users\30951\.stmcufinder\plugins\mcufinder
2024-12-12 23:42:33,268 [WARN] DbFile:41 - Overriding database path with different value: C:\Users\30951\.stmcufinder\plugins\mcufinder/ => C:\Users\30951\.stmcufinder\plugins\mcufinder
2024-12-12 23:42:33,268 [INFO] CrossReferenceDbSqlite:203 - Set database path to: C:\Users\30951\.stmcufinder\plugins\mcufinder//mcu/cs/
2024-12-12 23:42:33,286 [INFO] ApplicationProperties:184 - Using Application install path: C:\ST\STM32CubeIDE_1.16.1\STM32CubeIDE\plugins\com.st.stm32cube.common.mx_6.12.1.202409122256
2024-12-12 23:42:33,289 [INFO] PluginManage:196 - Search for loadable plugins [exclusion list=, ]
2024-12-12 23:42:33,290 [INFO] PluginManage:310 - Check plugin analytics
2024-12-12 23:42:33,465 [INFO] AnalyticsPlugin:253 - Accepted Software Licenses: 
2024-12-12 23:42:33,465 [INFO] AnalyticsPlugin:255 - Accepted CMSIS Pack Licenses: 
2024-12-12 23:42:33,465 [INFO] AnalyticsPlugin:257 - Accepted Firmware Licenses: 
2024-12-12 23:42:33,468 [INFO] PluginManage:359 - Loaded plugin analytics (category:tool,tabindex:-1)
2024-12-12 23:42:33,468 [INFO] PluginManage:310 - Check plugin cadmodel
2024-12-12 23:42:33,472 [INFO] CADModel:105 - Init CAD model plugin
2024-12-12 23:42:33,472 [INFO] PluginManage:359 - Loaded plugin cadmodel (category:power,tabindex:5)
2024-12-12 23:42:33,472 [INFO] PluginManage:310 - Check plugin clock
2024-12-12 23:42:33,480 [INFO] PluginManage:359 - Loaded plugin clock (category:base,tabindex:2)
2024-12-12 23:42:33,481 [INFO] PluginManage:310 - Check plugin ddr
2024-12-12 23:42:33,483 [INFO] PluginManage:359 - Loaded plugin ddr (category:tool,tabindex:6)
2024-12-12 23:42:33,483 [INFO] PluginManage:310 - Check plugin filemanager
2024-12-12 23:42:33,644 [INFO] PluginManage:359 - Loaded plugin filemanager (category:base,tabindex:10)
2024-12-12 23:42:33,644 [INFO] PluginManage:310 - Check plugin ipmanager
2024-12-12 23:42:33,651 [INFO] PluginManage:359 - Loaded plugin ipmanager (category:base,tabindex:5)
2024-12-12 23:42:33,651 [INFO] PluginManage:310 - Check plugin lpbam
2024-12-12 23:42:33,661 [INFO] PluginManage:359 - Loaded plugin lpbam (category:base,tabindex:0)
2024-12-12 23:42:33,661 [INFO] PluginManage:310 - Check plugin memorymap
2024-12-12 23:42:33,674 [INFO] PluginManage:359 - Loaded plugin memorymap (category:base,tabindex:4)
2024-12-12 23:42:33,674 [INFO] PluginManage:310 - Check plugin pinoutandconfiguration
2024-12-12 23:42:33,682 [INFO] PluginManage:359 - Loaded plugin pinoutandconfiguration (category:base,tabindex:1)
2024-12-12 23:42:33,682 [INFO] PluginManage:310 - Check plugin pinoutconfig
2024-12-12 23:42:33,771 [WARN] SupportedApi:132 - Cannot load RTOS API schema: s4s-elt-must-match.1: The content of 'definitions' must match (annotation?, (simpleType | complexType)?, (unique | key | keyref)*)). A problem was found starting at: attribute.
2024-12-12 23:42:33,937 [INFO] PluginManage:359 - Loaded plugin pinoutconfig (category:base,tabindex:0)
2024-12-12 23:42:33,937 [INFO] PluginManage:310 - Check plugin power
2024-12-12 23:42:33,944 [INFO] PluginManage:359 - Loaded plugin power (category:power,tabindex:4)
2024-12-12 23:42:33,944 [INFO] PluginManage:310 - Check plugin projectmanager
2024-12-12 23:42:33,959 [INFO] PluginManage:359 - Loaded plugin projectmanager (category:projectmanager,tabindex:4)
2024-12-12 23:42:33,959 [INFO] PluginManage:310 - Check plugin rif
2024-12-12 23:42:33,964 [INFO] PluginManage:359 - Loaded plugin rif (category:base,tabindex:3)
2024-12-12 23:42:33,964 [INFO] PluginManage:310 - Check plugin thirdparty
2024-12-12 23:42:34,106 [INFO] PluginManage:359 - Loaded plugin thirdparty (category:base,tabindex:-1)
2024-12-12 23:42:34,106 [INFO] PluginManage:310 - Check plugin tools
2024-12-12 23:42:34,106 [WARN] IntegrityCheckThread:84 - waiting for thirdparty lock release [integrity check]
2024-12-12 23:42:34,106 [INFO] IntegrityCheckThread:86 - entering critical section [integrity check]
2024-12-12 23:42:34,106 [INFO] ThirdPartyUpdaterWithRetryManager:70 - Updater plugin not ready yet. [1/15]
2024-12-12 23:42:34,109 [INFO] PluginManage:359 - Loaded plugin tools (category:base,tabindex:7)
2024-12-12 23:42:34,109 [INFO] PluginManage:310 - Check plugin tutovideos
2024-12-12 23:42:34,317 [INFO] PluginManage:359 - Loaded plugin tutovideos (category:base,tabindex:-1)
2024-12-12 23:42:34,317 [INFO] PluginManage:310 - Check plugin updater
2024-12-12 23:42:34,331 [INFO] PluginManage:359 - Loaded plugin updater (category:base,tabindex:12)
2024-12-12 23:42:34,331 [INFO] PluginManage:310 - Check plugin userauth
2024-12-12 23:42:34,336 [INFO] UserAuth:113 - Init User Auth plugin
2024-12-12 23:42:34,336 [INFO] PluginManage:359 - Loaded plugin userauth (category:base,tabindex:14)
2024-12-12 23:42:34,336 [INFO] PluginManage:283 - PluginManage : Loaded plugins [18]
2024-12-12 23:42:34,558 [INFO] PinOutPanel:1561 - setPackage(No Configuration,No Configuration)
2024-12-12 23:42:34,646 [INFO] CADModel:165 - CPN selected for project level
2024-12-12 23:42:34,646 [INFO] CADModel:114 - Register for checkConnection events
2024-12-12 23:42:34,664 [INFO] IPUIPlugin:80 - create IPUIPlugin
2024-12-12 23:42:34,664 [INFO] PluginManager:220 - loadIPPluginJar : add adc
2024-12-12 23:42:34,667 [INFO] IPUIPlugin:80 - create IPUIPlugin
2024-12-12 23:42:34,667 [INFO] PluginManager:220 - loadIPPluginJar : add aes
2024-12-12 23:42:34,671 [INFO] IPUIPlugin:80 - create IPUIPlugin
2024-12-12 23:42:34,671 [INFO] PluginManager:220 - loadIPPluginJar : add can
2024-12-12 23:42:34,673 [INFO] IPUIPlugin:80 - create IPUIPlugin
2024-12-12 23:42:34,673 [INFO] PluginManager:220 - loadIPPluginJar : add comp
2024-12-12 23:42:34,675 [INFO] IPUIPlugin:80 - create IPUIPlugin
2024-12-12 23:42:34,675 [INFO] PluginManager:220 - loadIPPluginJar : add cryp
2024-12-12 23:42:34,678 [INFO] IPUIPlugin:80 - create IPUIPlugin
2024-12-12 23:42:34,678 [INFO] PluginManager:220 - loadIPPluginJar : add ddr_ctrl_phy
2024-12-12 23:42:34,681 [INFO] IPUIPlugin:80 - create IPUIPlugin
2024-12-12 23:42:34,681 [INFO] PluginManager:220 - loadIPPluginJar : add dfsdm
2024-12-12 23:42:34,688 [INFO] IPUIPlugin:80 - create IPUIPlugin
2024-12-12 23:42:34,688 [INFO] PluginManager:220 - loadIPPluginJar : add dma
2024-12-12 23:42:34,691 [INFO] IPUIPlugin:80 - create IPUIPlugin
2024-12-12 23:42:34,691 [INFO] PluginManager:220 - loadIPPluginJar : add dma3
2024-12-12 23:42:34,694 [INFO] IPUIPlugin:80 - create IPUIPlugin
2024-12-12 23:42:34,694 [INFO] PluginManager:220 - loadIPPluginJar : add extmemmanager
2024-12-12 23:42:34,695 [INFO] IPUIPlugin:80 - create IPUIPlugin
2024-12-12 23:42:34,695 [INFO] PluginManager:220 - loadIPPluginJar : add fatfs
2024-12-12 23:42:34,701 [INFO] IPUIPlugin:80 - create IPUIPlugin
2024-12-12 23:42:34,701 [INFO] PluginManager:220 - loadIPPluginJar : add fmc
2024-12-12 23:42:34,707 [INFO] IPUIPlugin:80 - create IPUIPlugin
2024-12-12 23:42:34,707 [INFO] PluginManager:220 - loadIPPluginJar : add freertos
2024-12-12 23:42:34,708 [INFO] IPUIPlugin:80 - create IPUIPlugin
2024-12-12 23:42:34,708 [INFO] PluginManager:220 - loadIPPluginJar : add genericplugin
2024-12-12 23:42:34,711 [INFO] IPUIPlugin:80 - create IPUIPlugin
2024-12-12 23:42:34,711 [INFO] PluginManager:220 - loadIPPluginJar : add gfxmmu
2024-12-12 23:42:34,715 [INFO] IPUIPlugin:80 - create IPUIPlugin
2024-12-12 23:42:34,716 [INFO] PluginManager:220 - loadIPPluginJar : add gic
2024-12-12 23:42:34,720 [INFO] IPUIPlugin:80 - create IPUIPlugin
2024-12-12 23:42:34,720 [INFO] PluginManager:220 - loadIPPluginJar : add gpio
2024-12-12 23:42:34,721 [INFO] IPUIPlugin:80 - create IPUIPlugin
2024-12-12 23:42:34,721 [INFO] PluginManager:220 - loadIPPluginJar : add gtzc
2024-12-12 23:42:34,724 [INFO] IPUIPlugin:80 - create IPUIPlugin
2024-12-12 23:42:34,724 [INFO] PluginManager:220 - loadIPPluginJar : add hash
2024-12-12 23:42:34,727 [INFO] IPUIPlugin:80 - create IPUIPlugin
2024-12-12 23:42:34,727 [INFO] PluginManager:220 - loadIPPluginJar : add i2c
2024-12-12 23:42:34,729 [INFO] IPUIPlugin:80 - create IPUIPlugin
2024-12-12 23:42:34,729 [INFO] PluginManager:220 - loadIPPluginJar : add i2s
2024-12-12 23:42:34,732 [INFO] IPUIPlugin:80 - create IPUIPlugin
2024-12-12 23:42:34,732 [INFO] PluginManager:220 - loadIPPluginJar : add i3c
2024-12-12 23:42:34,735 [INFO] IPUIPlugin:80 - create IPUIPlugin
2024-12-12 23:42:34,735 [INFO] PluginManager:220 - loadIPPluginJar : add ipddr
2024-12-12 23:42:34,742 [INFO] IPUIPlugin:80 - create IPUIPlugin
2024-12-12 23:42:34,742 [INFO] PluginManager:220 - loadIPPluginJar : add linkedlist
2024-12-12 23:42:34,745 [INFO] IPUIPlugin:80 - create IPUIPlugin
2024-12-12 23:42:34,745 [INFO] PluginManager:220 - loadIPPluginJar : add lorawan
2024-12-12 23:42:34,746 [INFO] IPUIPlugin:80 - create IPUIPlugin
2024-12-12 23:42:34,746 [INFO] PluginManager:220 - loadIPPluginJar : add ltdc
2024-12-12 23:42:34,750 [INFO] IPUIPlugin:80 - create IPUIPlugin
2024-12-12 23:42:34,750 [INFO] PluginManager:220 - loadIPPluginJar : add mdma
2024-12-12 23:42:34,753 [INFO] IPUIPlugin:80 - create IPUIPlugin
2024-12-12 23:42:34,753 [INFO] PluginManager:220 - loadIPPluginJar : add nvic
2024-12-12 23:42:34,757 [INFO] IPUIPlugin:80 - create IPUIPlugin
2024-12-12 23:42:34,757 [INFO] PluginManager:220 - loadIPPluginJar : add opamp
2024-12-12 23:42:34,759 [INFO] IPUIPlugin:80 - create IPUIPlugin
2024-12-12 23:42:34,761 [INFO] PluginManager:220 - loadIPPluginJar : add openamp
2024-12-12 23:42:34,763 [INFO] IPUIPlugin:80 - create IPUIPlugin
2024-12-12 23:42:34,763 [INFO] PluginManager:220 - loadIPPluginJar : add pdm2pcm
2024-12-12 23:42:34,768 [INFO] IPUIPlugin:80 - create IPUIPlugin
2024-12-12 23:42:34,771 [INFO] PluginManager:220 - loadIPPluginJar : add plateformsettings
2024-12-12 23:42:34,772 [INFO] IPUIPlugin:80 - create IPUIPlugin
2024-12-12 23:42:34,773 [INFO] PluginManager:220 - loadIPPluginJar : add quadspi
2024-12-12 23:42:34,775 [INFO] IPUIPlugin:80 - create IPUIPlugin
2024-12-12 23:42:34,776 [INFO] PluginManager:220 - loadIPPluginJar : add radio
2024-12-12 23:42:34,778 [INFO] IPUIPlugin:80 - create IPUIPlugin
2024-12-12 23:42:34,779 [INFO] PluginManager:220 - loadIPPluginJar : add resmgrutility
2024-12-12 23:42:34,781 [INFO] IPUIPlugin:80 - create IPUIPlugin
2024-12-12 23:42:34,781 [INFO] PluginManager:220 - loadIPPluginJar : add sai
2024-12-12 23:42:34,783 [INFO] IPUIPlugin:80 - create IPUIPlugin
2024-12-12 23:42:34,783 [INFO] PluginManager:220 - loadIPPluginJar : add spi
2024-12-12 23:42:34,788 [INFO] IPUIPlugin:80 - create IPUIPlugin
2024-12-12 23:42:34,788 [INFO] PluginManager:220 - loadIPPluginJar : add stm32_wpan
2024-12-12 23:42:34,790 [INFO] IPUIPlugin:80 - create IPUIPlugin
2024-12-12 23:42:34,790 [INFO] PluginManager:220 - loadIPPluginJar : add tim
2024-12-12 23:42:34,793 [INFO] IPUIPlugin:80 - create IPUIPlugin
2024-12-12 23:42:34,793 [INFO] PluginManager:220 - loadIPPluginJar : add touchsensing
2024-12-12 23:42:34,795 [INFO] IPUIPlugin:80 - create IPUIPlugin
2024-12-12 23:42:34,795 [INFO] PluginManager:220 - loadIPPluginJar : add tracer_emb
2024-12-12 23:42:34,797 [INFO] IPUIPlugin:80 - create IPUIPlugin
2024-12-12 23:42:34,797 [INFO] PluginManager:220 - loadIPPluginJar : add ts
2024-12-12 23:42:34,799 [INFO] IPUIPlugin:80 - create IPUIPlugin
2024-12-12 23:42:34,799 [INFO] PluginManager:220 - loadIPPluginJar : add tsc
2024-12-12 23:42:34,802 [INFO] IPUIPlugin:80 - create IPUIPlugin
2024-12-12 23:42:34,803 [INFO] PluginManager:220 - loadIPPluginJar : add ucpd
2024-12-12 23:42:34,805 [INFO] IPUIPlugin:80 - create IPUIPlugin
2024-12-12 23:42:34,805 [INFO] PluginManager:220 - loadIPPluginJar : add usart
2024-12-12 23:42:34,809 [INFO] IPUIPlugin:80 - create IPUIPlugin
2024-12-12 23:42:34,809 [INFO] PluginManager:220 - loadIPPluginJar : add usbx
2024-12-12 23:42:34,937 [INFO] CADModel:165 - CPN selected for project level
2024-12-12 23:42:34,937 [INFO] CADModel:114 - Register for checkConnection events
2024-12-12 23:42:34,937 [FATAL] Updater:334 - Updater called before beeing initialized
2024-12-12 23:42:34,937 [ERROR] CADModel:125 - Updater not yet initialized, retry later 
2024-12-12 23:42:35,069 [INFO] CADModel:165 - CPN selected for project level
2024-12-12 23:42:35,069 [INFO] CADModel:114 - Register for checkConnection events
2024-12-12 23:42:35,069 [FATAL] Updater:334 - Updater called before beeing initialized
2024-12-12 23:42:35,069 [ERROR] CADModel:125 - Updater not yet initialized, retry later 
2024-12-12 23:42:35,072 [FATAL] Updater:334 - Updater called before beeing initialized
2024-12-12 23:42:35,197 [FATAL] Updater:334 - Updater called before beeing initialized
2024-12-12 23:42:35,202 [INFO] DbMcusAds:53 - JSON generation date=Fri Sep 20 21:04:23 HKT 2024 (1726837463113)
2024-12-12 23:42:35,202 [FATAL] Updater:334 - Updater called before beeing initialized
2024-12-12 23:42:35,232 [WARN] DetailPanel:346 - Failed to get advertising image, set to default
2024-12-12 23:42:35,304 [FATAL] Updater:334 - Updater called before beeing initialized
2024-12-12 23:42:35,306 [FATAL] Updater:334 - Updater called before beeing initialized
2024-12-12 23:42:35,306 [FATAL] Updater:334 - Updater called before beeing initialized
2024-12-12 23:42:35,306 [WARN] DetailPanel:346 - Failed to get advertising image, set to default
2024-12-12 23:42:35,307 [FATAL] Updater:334 - Updater called before beeing initialized
2024-12-12 23:42:35,345 [ERROR] Updater:1164 - MainUpdater not yet initialized. External WinMGr cannot be set.
2024-12-12 23:42:35,348 [INFO] Updater:1100 - Updater Version found : 6.12.1
2024-12-12 23:42:35,361 [INFO] ApplicationProperties:184 - Using Application install path: C:\ST\STM32CubeIDE_1.16.1\STM32CubeIDE\plugins\com.st.stm32cube.common.mx_6.12.1.202409122256
2024-12-12 23:42:36,940 [ERROR] LogOutputStream:75 - [STDERR_REDIRECT] Dec 12, 2024 11:42:36 PM java.util.prefs.WindowsPreferences <init>
2024-12-12 23:42:36,941 [ERROR] LogOutputStream:75 - [STDERR_REDIRECT] WARNING: Could not open/create prefs root node Software\JavaSoft\Prefs at root 0xffffffff80000002. Windows RegCreateKeyEx(...) returned error code 5.
2024-12-12 23:42:36,941 [ERROR] LogOutputStream:75 - [STDERR_REDIRECT] 
2024-12-12 23:42:37,109 [INFO] ThirdPartyUpdaterWithRetryManager:70 - Updater plugin not ready yet. [2/15]
2024-12-12 23:42:38,136 [INFO] MainUpdater:2873 - connection check result : 10
2024-12-12 23:42:38,137 [INFO] MainUpdater:290 - Updater Check For Update Now.
2024-12-12 23:42:38,137 [INFO] MicroXplorer:498 - Change Database Version : DB.6.0.121
2024-12-12 23:42:38,140 [INFO] McuFinderGlobals:63 - Set McuFinder mode to 2 (CubeIDE integrated)
2024-12-12 23:42:38,140 [INFO] UserAuth:417 - Internet connection configuration mode: 1
2024-12-12 23:42:38,150 [INFO] JxBrowserEngine:152 - Initiate JxBrowser Engine with user profile folder
2024-12-12 23:42:38,283 [INFO] CheckServerUpdateThread:120 - End of CheckServer Thread
2024-12-12 23:42:38,531 [INFO] WebApp:167 - Instantiating new browser for Auth
2024-12-12 23:42:38,970 [INFO] WebApp:448 - Apply proxy settings
2024-12-12 23:42:38,972 [INFO] WebApp:533 - Chromium requires no authentication
2024-12-12 23:42:38,976 [INFO] WebApp:476 - Direct internet connection detected
2024-12-12 23:42:38,988 [INFO] WebApp:869 - Register for checkConnection events
2024-12-12 23:42:38,988 [INFO] WebApp:448 - Apply proxy settings
2024-12-12 23:42:38,988 [INFO] WebApp:533 - Chromium requires no authentication
2024-12-12 23:42:38,988 [INFO] WebApp:476 - Direct internet connection detected
2024-12-12 23:42:39,090 [INFO] WebApp:220 - Starting web application
2024-12-12 23:42:39,090 [INFO] WebApp:578 - Web application path used C:\ST\STM32CubeIDE_1.16.1\STM32CubeIDE\plugins\com.st.stm32cube.common.mx_6.12.1.202409122256\db\plugins\mcufinder\reactClient1\index.html
2024-12-12 23:42:39,164 [INFO] UserAuth:417 - Internet connection configuration mode: 1
2024-12-12 23:42:40,225 [WARN] PackLoader:240 - Cannot read IP mode file for STMicroelectronics.FP-SNS-MOTENVWB1.1.4.0
2024-12-12 23:42:40,229 [WARN] PackLoader:240 - Cannot read IP mode file for STMicroelectronics.FP-ATR-ASTRA1.2.0.1
2024-12-12 23:42:40,235 [WARN] PackLoader:240 - Cannot read IP mode file for STMicroelectronics.X-CUBE-SMBUS.2.1.0
2024-12-12 23:42:40,239 [WARN] PackLoader:240 - Cannot read IP mode file for STMicroelectronics.X-CUBE-WB05N.1.1.0
2024-12-12 23:42:40,254 [WARN] PackLoader:240 - Cannot read IP mode file for STMicroelectronics.X-CUBE-AZRTOS-F7.1.1.0
2024-12-12 23:42:40,288 [WARN] PackLoader:240 - Cannot read IP mode file for STMicroelectronics.X-CUBE-MEMS1.11.0.0
2024-12-12 23:42:40,369 [WARN] PackLoader:240 - Cannot read IP mode file for STMicroelectronics.FP-SNS-FLIGHT1.5.0.2
2024-12-12 23:42:40,375 [WARN] PackLoader:240 - Cannot read IP mode file for STMicroelectronics.X-CUBE-DISPLAY.3.0.0
2024-12-12 23:42:40,379 [WARN] PackLoader:240 - Cannot read IP mode file for STMicroelectronics.X-CUBE-BLE1.7.0.0
2024-12-12 23:42:40,383 [WARN] PackLoader:240 - Cannot read IP mode file for STMicroelectronics.X-CUBE-NFC10.1.0.0
2024-12-12 23:42:40,388 [WARN] PackLoader:240 - Cannot read IP mode file for STMicroelectronics.X-CUBE-BLEMGR.4.0.0
2024-12-12 23:42:40,393 [WARN] PackLoader:240 - Cannot read IP mode file for emotas.I-CUBE-CANOPEN.1.3.0
2024-12-12 23:42:40,398 [WARN] PackLoader:240 - Cannot read IP mode file for STMicroelectronics.X-CUBE-BLEMGR.3.1.0
2024-12-12 23:42:40,402 [WARN] PackLoader:240 - Cannot read IP mode file for STMicroelectronics.FP-SNS-SMARTAG2.1.2.0
2024-12-12 23:42:40,409 [INFO] LogOutputStream:77 - [STDOUT_REDIRECT] 1 : Invalid condition id : UX_CORESTACK_Condition cause : null
2024-12-12 23:42:40,409 [INFO] LogOutputStream:77 - [STDOUT_REDIRECT] 1 : Invalid condition id : UX_CORESTACK_Condition cause : null
2024-12-12 23:42:40,410 [INFO] LogOutputStream:77 - [STDOUT_REDIRECT] 1 : Invalid condition id : UX_CORESTACK_Condition cause : null
2024-12-12 23:42:40,410 [INFO] LogOutputStream:77 - [STDOUT_REDIRECT] 1 : Invalid condition id : UX_CORESTACK_Condition cause : null
2024-12-12 23:42:40,411 [INFO] LogOutputStream:77 - [STDOUT_REDIRECT] 1 : Invalid condition id : UX_CORESTACK_Condition cause : null
2024-12-12 23:42:40,412 [WARN] PackLoader:240 - Cannot read IP mode file for STMicroelectronics.X-CUBE-AZRTOS-WL.2.0.0
2024-12-12 23:42:40,416 [WARN] PackLoader:240 - Cannot read IP mode file for STMicroelectronics.FP-SNS-MOTENV1.5.0.0
2024-12-12 23:42:40,418 [WARN] PackLoader:240 - Cannot read IP mode file for wolfSSL.I-CUBE-wolfMQTT.1.19.0
2024-12-12 23:42:40,422 [WARN] PackLoader:240 - Cannot read IP mode file for STMicroelectronics.X-CUBE-BLE2.3.3.0
2024-12-12 23:42:40,424 [WARN] PackLoader:240 - Cannot read IP mode file for STMicroelectronics.X-CUBE-NFC9.1.0.0
2024-12-12 23:42:40,428 [WARN] PackLoader:240 - Cannot read IP mode file for STMicroelectronics.X-CUBE-TCPP.4.1.0
2024-12-12 23:42:40,437 [WARN] PackLoader:240 - Cannot read IP mode file for STMicroelectronics.X-CUBE-AZRTOS-G0.1.1.0
2024-12-12 23:42:40,442 [WARN] PackLoader:240 - Cannot read IP mode file for STMicroelectronics.X-CUBE-SAFEA1.1.2.2
2024-12-12 23:42:40,447 [WARN] PackLoader:240 - Cannot read IP mode file for STMicroelectronics.X-CUBE-NFC4.3.0.0
2024-12-12 23:42:40,453 [WARN] PackLoader:240 - Cannot read IP mode file for EmbeddedOffice.I-CUBE-FS-RTOS.1.0.1
2024-12-12 23:42:40,453 [ERROR] ConditionMgr:805 - Attr not supported : Dmpu
2024-12-12 23:42:40,453 [ERROR] ConditionMgr:805 - Attr not supported : Dmpu
2024-12-12 23:42:40,453 [ERROR] ConditionMgr:805 - Attr not supported : Dmpu
2024-12-12 23:42:40,453 [ERROR] ConditionMgr:805 - Attr not supported : Dmpu
2024-12-12 23:42:40,453 [ERROR] ConditionMgr:805 - Attr not supported : Dmpu
2024-12-12 23:42:40,455 [ERROR] ConditionMgr:805 - Attr not supported : Dmpu
2024-12-12 23:42:40,455 [ERROR] ConditionMgr:805 - Attr not supported : Dmpu
2024-12-12 23:42:40,455 [ERROR] ConditionMgr:805 - Attr not supported : Dmpu
2024-12-12 23:42:40,455 [ERROR] ConditionMgr:805 - Attr not supported : Dmpu
2024-12-12 23:42:40,455 [ERROR] ConditionMgr:805 - Attr not supported : Dmpu
2024-12-12 23:42:40,455 [ERROR] ConditionMgr:805 - Attr not supported : Dmpu
2024-12-12 23:42:40,455 [ERROR] ConditionMgr:805 - Attr not supported : Dmpu
2024-12-12 23:42:40,455 [ERROR] ConditionMgr:805 - Attr not supported : Dmpu
2024-12-12 23:42:40,455 [ERROR] ConditionMgr:805 - Attr not supported : Dmpu
2024-12-12 23:42:40,455 [ERROR] ConditionMgr:805 - Attr not supported : Dmpu
2024-12-12 23:42:40,455 [ERROR] ConditionMgr:805 - Attr not supported : Dmpu
2024-12-12 23:42:40,455 [ERROR] ConditionMgr:805 - Attr not supported : Dmpu
2024-12-12 23:42:40,455 [ERROR] ConditionMgr:805 - Attr not supported : Dmpu
2024-12-12 23:42:40,455 [ERROR] ConditionMgr:805 - Attr not supported : Dmpu
2024-12-12 23:42:40,455 [ERROR] ConditionMgr:805 - Attr not supported : Dmpu
2024-12-12 23:42:40,455 [ERROR] ConditionMgr:805 - Attr not supported : Dmpu
2024-12-12 23:42:40,455 [ERROR] ConditionMgr:805 - Attr not supported : Dmpu
2024-12-12 23:42:40,455 [ERROR] ConditionMgr:805 - Attr not supported : Dmpu
2024-12-12 23:42:40,455 [ERROR] ConditionMgr:805 - Attr not supported : Dmpu
2024-12-12 23:42:40,455 [ERROR] ConditionMgr:805 - Attr not supported : Dmpu
2024-12-12 23:42:40,455 [ERROR] ConditionMgr:805 - Attr not supported : Dmpu
2024-12-12 23:42:40,455 [ERROR] ConditionMgr:805 - Attr not supported : Dmpu
2024-12-12 23:42:40,455 [ERROR] ConditionMgr:805 - Attr not supported : Dmpu
2024-12-12 23:42:40,455 [ERROR] ConditionMgr:805 - Attr not supported : Dmpu
2024-12-12 23:42:40,455 [ERROR] ConditionMgr:805 - Attr not supported : Dmpu
2024-12-12 23:42:40,456 [ERROR] ConditionMgr:805 - Attr not supported : Dmpu
2024-12-12 23:42:40,456 [ERROR] ConditionMgr:805 - Attr not supported : Dmpu
2024-12-12 23:42:40,456 [ERROR] ConditionMgr:805 - Attr not supported : Dmpu
2024-12-12 23:42:40,456 [ERROR] ConditionMgr:805 - Attr not supported : Dmpu
2024-12-12 23:42:40,456 [ERROR] ConditionMgr:805 - Attr not supported : Dmpu
2024-12-12 23:42:40,456 [ERROR] ConditionMgr:805 - Attr not supported : Dmpu
2024-12-12 23:42:40,456 [ERROR] ConditionMgr:805 - Attr not supported : Dmpu
2024-12-12 23:42:40,456 [ERROR] ConditionMgr:805 - Attr not supported : Dmpu
2024-12-12 23:42:40,456 [ERROR] ConditionMgr:805 - Attr not supported : Dmpu
2024-12-12 23:42:40,456 [ERROR] ConditionMgr:805 - Attr not supported : Dmpu
2024-12-12 23:42:40,456 [ERROR] ConditionMgr:805 - Attr not supported : Dmpu
2024-12-12 23:42:40,456 [ERROR] ConditionMgr:805 - Attr not supported : Dmpu
2024-12-12 23:42:40,456 [ERROR] ConditionMgr:805 - Attr not supported : Dmpu
2024-12-12 23:42:40,456 [ERROR] ConditionMgr:805 - Attr not supported : Dmpu
2024-12-12 23:42:40,456 [ERROR] ConditionMgr:805 - Attr not supported : Dmpu
2024-12-12 23:42:40,456 [ERROR] ConditionMgr:805 - Attr not supported : Dmpu
2024-12-12 23:42:40,456 [ERROR] ConditionMgr:805 - Attr not supported : Dmpu
2024-12-12 23:42:40,456 [ERROR] ConditionMgr:805 - Attr not supported : Dmpu
2024-12-12 23:42:40,456 [ERROR] ConditionMgr:805 - Attr not supported : Dmpu
2024-12-12 23:42:40,456 [ERROR] ConditionMgr:805 - Attr not supported : Dmpu
2024-12-12 23:42:40,456 [ERROR] ConditionMgr:805 - Attr not supported : Dmpu
2024-12-12 23:42:40,456 [ERROR] ConditionMgr:805 - Attr not supported : Dmpu
2024-12-12 23:42:40,456 [ERROR] ConditionMgr:805 - Attr not supported : Dmpu
2024-12-12 23:42:40,456 [ERROR] ConditionMgr:805 - Attr not supported : Dmpu
2024-12-12 23:42:40,456 [ERROR] ConditionMgr:805 - Attr not supported : Dmpu
2024-12-12 23:42:40,456 [ERROR] ConditionMgr:805 - Attr not supported : Dmpu
2024-12-12 23:42:40,456 [ERROR] ConditionMgr:805 - Attr not supported : Dmpu
2024-12-12 23:42:40,456 [ERROR] ConditionMgr:805 - Attr not supported : Dmpu
2024-12-12 23:42:40,456 [ERROR] ConditionMgr:805 - Attr not supported : Dmpu
2024-12-12 23:42:40,456 [ERROR] ConditionMgr:805 - Attr not supported : Dmpu
2024-12-12 23:42:40,456 [ERROR] ConditionMgr:805 - Attr not supported : Dmpu
2024-12-12 23:42:40,457 [ERROR] ConditionMgr:805 - Attr not supported : Dmpu
2024-12-12 23:42:40,457 [ERROR] ConditionMgr:805 - Attr not supported : Dmpu
2024-12-12 23:42:40,457 [ERROR] ConditionMgr:805 - Attr not supported : Dmpu
2024-12-12 23:42:40,461 [WARN] PackLoader:240 - Cannot read IP mode file for RealThread.X-CUBE-RT-Thread_Nano.4.1.1
2024-12-12 23:42:40,464 [WARN] PackLoader:240 - Cannot read IP mode file for STMicroelectronics.FP-ATR-SIGFOX1.3.2.0
2024-12-12 23:42:40,467 [WARN] PackLoader:240 - Cannot read IP mode file for wolfSSL.I-CUBE-wolfSSL.5.7.2
2024-12-12 23:42:40,471 [WARN] ConditionMgr:438 - getConditionDescription Invalid condition id : Cortex-A Device cause : null
2024-12-12 23:42:40,494 [WARN] ConditionMgr:1039 - genDependencies : Invalid condition id : Cortex-A Device cause : null
2024-12-12 23:42:40,494 [WARN] ConditionMgr:1039 - genDependencies : Invalid condition id : Cortex-A Device cause : null
2024-12-12 23:42:40,494 [WARN] ConditionMgr:1039 - genDependencies : Invalid condition id : Cortex-A Device cause : null
2024-12-12 23:42:40,498 [WARN] PackLoader:240 - Cannot read IP mode file for STMicroelectronics.X-CUBE-EEPRMA1.5.1.0
2024-12-12 23:42:40,503 [WARN] PackLoader:240 - Cannot read IP mode file for ITTIA_DB.I-CUBE-ITTIADB.8.9.0
2024-12-12 23:42:40,518 [WARN] PackLoader:240 - Cannot read IP mode file for SEGGER.I-CUBE-embOS.1.3.1
2024-12-12 23:42:40,537 [WARN] PackLoader:240 - Cannot read IP mode file for STMicroelectronics.X-CUBE-ALGOBUILD.1.4.0
2024-12-12 23:42:40,541 [WARN] PackLoader:240 - Cannot read IP mode file for STMicroelectronics.X-CUBE-AI.9.1.0
2024-12-12 23:42:40,549 [WARN] PackLoader:240 - Cannot read IP mode file for STMicroelectronics.X-CUBE-AZRTOS-F4.1.1.0
2024-12-12 23:42:40,552 [WARN] PackLoader:240 - Cannot read IP mode file for STMicroelectronics.X-CUBE-ISPU.2.1.0
2024-12-12 23:42:40,556 [WARN] PackLoader:240 - Cannot read IP mode file for STMicroelectronics.X-CUBE-FREERTOS.1.2.0
2024-12-12 23:42:40,563 [WARN] PackLoader:240 - Cannot read IP mode file for STMicroelectronics.X-CUBE-AZRTOS-L5.2.0.0
2024-12-12 23:42:40,570 [WARN] PackLoader:240 - Cannot read IP mode file for STMicroelectronics.X-CUBE-NFC6.3.1.0
2024-12-12 23:42:40,575 [WARN] PackLoader:240 - Cannot read IP mode file for STMicroelectronics.X-CUBE-DPower.1.2.0
2024-12-12 23:42:40,580 [WARN] PackLoader:240 - Cannot read IP mode file for STMicroelectronics.X-CUBE-NFC7.1.0.1
2024-12-12 23:42:40,592 [WARN] ConditionMgr:438 - getConditionDescription Invalid condition id : LAN8742 Phy interface Condition cause : null
2024-12-12 23:42:40,593 [WARN] PackLoader:240 - Cannot read IP mode file for STMicroelectronics.X-CUBE-AZRTOS-L4.2.0.0
2024-12-12 23:42:40,594 [WARN] ConditionMgr:1039 - genDependencies : Invalid condition id : LAN8742 Phy interface Condition cause : null
2024-12-12 23:42:40,594 [WARN] ConditionMgr:1039 - genDependencies : Invalid condition id : LAN8742 Phy interface Condition cause : null
2024-12-12 23:42:40,594 [WARN] ConditionMgr:1039 - genDependencies : Invalid condition id : LAN8742 Phy interface Condition cause : null
2024-12-12 23:42:40,599 [WARN] PackLoader:240 - Cannot read IP mode file for STMicroelectronics.X-CUBE-SFXS2LP1.4.0.0
2024-12-12 23:42:40,608 [WARN] PackLoader:240 - Cannot read IP mode file for STMicroelectronics.X-CUBE-AZRTOS-H7.3.3.0
2024-12-12 23:42:40,615 [WARN] PackLoader:240 - Cannot read IP mode file for STMicroelectronics.X-CUBE-IPS.3.0.0
2024-12-12 23:42:40,621 [WARN] ConditionMgr:438 - getConditionDescription Invalid condition id : UX DEVICE CLASS RTOS Condition cause : null
2024-12-12 23:42:40,622 [WARN] ConditionMgr:438 - getConditionDescription Invalid condition id : UX DEVICE CLASS RTOS Condition cause : null
2024-12-12 23:42:40,622 [WARN] PackLoader:240 - Cannot read IP mode file for STMicroelectronics.X-CUBE-AZRTOS-WB.2.0.0
2024-12-12 23:42:40,624 [WARN] ConditionMgr:1039 - genDependencies : Invalid condition id : UX DEVICE CLASS RTOS Condition cause : null
2024-12-12 23:42:40,624 [WARN] ConditionMgr:1039 - genDependencies : Invalid condition id : UX DEVICE CLASS RTOS Condition cause : null
2024-12-12 23:42:40,624 [WARN] ConditionMgr:1039 - genDependencies : Invalid condition id : UX DEVICE CLASS RTOS Condition cause : null
2024-12-12 23:42:40,624 [WARN] ConditionMgr:1039 - genDependencies : Invalid condition id : UX DEVICE CLASS RTOS Condition cause : null
2024-12-12 23:42:40,624 [WARN] ConditionMgr:1039 - genDependencies : Invalid condition id : UX DEVICE CLASS RTOS Condition cause : null
2024-12-12 23:42:40,627 [WARN] PackLoader:240 - Cannot read IP mode file for STMicroelectronics.X-CUBE-GNSS1.7.0.0
2024-12-12 23:42:40,633 [WARN] PackLoader:240 - Cannot read IP mode file for STMicroelectronics.FP-SNS-STBOX1.2.0.0
2024-12-12 23:42:40,641 [WARN] PackLoader:240 - Cannot read IP mode file for STMicroelectronics.X-CUBE-SUBG2.5.0.0
2024-12-12 23:42:40,646 [WARN] PackLoader:240 - Cannot read IP mode file for Cesanta.I-CUBE-Mongoose.7.13.0
2024-12-12 23:42:40,654 [WARN] PackLoader:240 - Cannot read IP mode file for STMicroelectronics.X-CUBE-AZRTOS-G4.2.0.0
2024-12-12 23:42:40,657 [WARN] PackLoader:240 - Cannot read IP mode file for STMicroelectronics.X-CUBE-ALS.1.0.2
2024-12-12 23:42:40,661 [WARN] PackLoader:240 - Cannot read IP mode file for STMicroelectronics.X-CUBE-TOUCHGFX.4.24.1
2024-12-12 23:42:40,663 [WARN] PackLoader:240 - Cannot read IP mode file for wolfSSL.I-CUBE-wolfTPM.3.4.0
2024-12-12 23:42:40,668 [WARN] PackLoader:240 - Cannot read IP mode file for portGmbH.I-Cube-SoM-uGOAL.1.1.0
2024-12-12 23:42:40,677 [WARN] PackLoader:240 - Cannot read IP mode file for STMicroelectronics.X-CUBE-AZRTOS-H7RS.1.0.0
2024-12-12 23:42:40,680 [WARN] PackLoader:240 - Cannot read IP mode file for STMicroelectronics.FP-ATR-ASTRA1.2.0.0
2024-12-12 23:42:40,686 [WARN] PackLoader:240 - Cannot read IP mode file for STMicroelectronics.X-CUBE-TOF1.3.4.2
2024-12-12 23:42:40,700 [WARN] PackLoader:240 - Cannot read IP mode file for Infineon.AIROC-Wi-Fi-Bluetooth-STM32.1.6.1
2024-12-12 23:42:40,704 [WARN] PackLoader:240 - Cannot read IP mode file for wolfSSL.I-CUBE-wolfSSH.1.4.17
2024-12-12 23:42:40,705 [INFO] ThirdParty:978 - Integrity check success = true
2024-12-12 23:42:40,705 [INFO] IntegrityCheckThread:100 - exiting critical section [integrity check]
2024-12-12 23:42:40,705 [INFO] IntegrityCheckThread:103 - End integrity checks thread
2024-12-12 23:44:44,631 [ERROR] LogOutputStream:75 - [STDERR_REDIRECT] 
2024-12-12 23:44:44,631 [ERROR] LogOutputStream:75 - [STDERR_REDIRECT] 
2024-12-12 23:47:05,199 [INFO] Activator:176 - 


2024-12-12 23:47:05,201 [INFO] Activator:177 - !SESSION log4j initialized
2024-12-12 23:47:08,797 [INFO] LogOutputStream:77 - [STDOUT_REDIRECT] 
2024-12-12 23:47:10,004 [INFO] ApplicationProperties:184 - Using Application install path: C:\ST\STM32CubeIDE_1.16.1\STM32CubeIDE\plugins\com.st.stm32cube.common.mx_6.12.1.202409122256
2024-12-12 23:47:10,026 [INFO] DbMcusXml:78 - Set database path to: C:\ST\STM32CubeIDE_1.16.1\STM32CubeIDE\plugins\com.st.stm32cube.common.mx_6.12.1.202409122256\\db\/mcu/
2024-12-12 23:47:10,026 [INFO] ApiDb:274 - Set plugin database path to: C:\ST\STM32CubeIDE_1.16.1\STM32CubeIDE\plugins\com.st.stm32cube.common.mx_6.12.1.202409122256\\db\/plugins/boardmanager/
2024-12-12 23:47:10,027 [WARN] ApiDb:259 - Overriding images path with different value:  => C:\ST\STM32CubeIDE_1.16.1\STM32CubeIDE\plugins\com.st.stm32cube.common.mx_6.12.1.202409122256\\db\/plugins/mcufinder/images/
2024-12-12 23:47:10,032 [INFO] ApiDb:250 - Set database path to: C:\Users\30951\.stmcufinder\plugins\mcufinder//mcu/
2024-12-12 23:47:10,034 [INFO] DbMcusAds:125 - Set database path to: C:\Users\30951\.stmcufinder\plugins\mcufinder//mcu/
2024-12-12 23:47:10,036 [INFO] CrossReferenceDbSqlite:203 - Set database path to: C:\Users\30951\.stmcufinder\plugins\mcufinder//mcu/cs/
2024-12-12 23:47:10,159 [INFO] RulesReader:64 - Compatibility file has been processed (297 Rules)
2024-12-12 23:47:10,248 [INFO] DbMcusXml:78 - Set database path to: C:\ST\STM32CubeIDE_1.16.1\STM32CubeIDE\plugins\com.st.stm32cube.common.mx_6.12.1.202409122256\\db\/mcu/
2024-12-12 23:47:10,248 [INFO] ApiDb:274 - Set plugin database path to: C:\ST\STM32CubeIDE_1.16.1\STM32CubeIDE\plugins\com.st.stm32cube.common.mx_6.12.1.202409122256\\db\/plugins/boardmanager/
2024-12-12 23:47:10,249 [INFO] ApiDb:261 - Set plugin images path to: C:\ST\STM32CubeIDE_1.16.1\STM32CubeIDE\plugins\com.st.stm32cube.common.mx_6.12.1.202409122256\\db\/plugins/mcufinder/images/
2024-12-12 23:47:10,249 [WARN] DbFile:41 - Overriding database path with different value: C:\Users\30951\.stmcufinder\plugins\mcufinder/ => C:\Users\30951\.stmcufinder\plugins\mcufinder
2024-12-12 23:47:10,249 [INFO] ApiDb:250 - Set database path to: C:\Users\30951\.stmcufinder\plugins\mcufinder//mcu/
2024-12-12 23:47:10,249 [WARN] DbFile:41 - Overriding database path with different value: C:\Users\30951\.stmcufinder\plugins\mcufinder/ => C:\Users\30951\.stmcufinder\plugins\mcufinder
2024-12-12 23:47:10,249 [INFO] DbMcusAds:125 - Set database path to: C:\Users\30951\.stmcufinder\plugins\mcufinder//mcu/
2024-12-12 23:47:10,249 [WARN] DbFile:41 - Overriding database path with different value: C:\Users\30951\.stmcufinder\plugins\mcufinder/ => C:\Users\30951\.stmcufinder\plugins\mcufinder
2024-12-12 23:47:10,250 [WARN] DbFile:41 - Overriding database path with different value: C:\Users\30951\.stmcufinder\plugins\mcufinder/ => C:\Users\30951\.stmcufinder\plugins\mcufinder
2024-12-12 23:47:10,250 [INFO] CrossReferenceDbSqlite:203 - Set database path to: C:\Users\30951\.stmcufinder\plugins\mcufinder//mcu/cs/
2024-12-12 23:47:10,342 [INFO] MainPanel:268 - HeapMemory: 268435456
2024-12-12 23:47:10,438 [INFO] DbMcusXml:78 - Set database path to: C:\ST\STM32CubeIDE_1.16.1\STM32CubeIDE\plugins\com.st.stm32cube.common.mx_6.12.1.202409122256\\db\/mcu/
2024-12-12 23:47:10,438 [INFO] ApiDb:274 - Set plugin database path to: C:\ST\STM32CubeIDE_1.16.1\STM32CubeIDE\plugins\com.st.stm32cube.common.mx_6.12.1.202409122256\\db\/plugins/boardmanager/
2024-12-12 23:47:10,438 [INFO] ApiDb:261 - Set plugin images path to: C:\ST\STM32CubeIDE_1.16.1\STM32CubeIDE\plugins\com.st.stm32cube.common.mx_6.12.1.202409122256\\db\/plugins/mcufinder/images/
2024-12-12 23:47:10,438 [WARN] DbFile:41 - Overriding database path with different value: C:\Users\30951\.stmcufinder\plugins\mcufinder/ => C:\Users\30951\.stmcufinder\plugins\mcufinder
2024-12-12 23:47:10,439 [INFO] ApiDb:250 - Set database path to: C:\Users\30951\.stmcufinder\plugins\mcufinder//mcu/
2024-12-12 23:47:10,439 [WARN] DbFile:41 - Overriding database path with different value: C:\Users\30951\.stmcufinder\plugins\mcufinder/ => C:\Users\30951\.stmcufinder\plugins\mcufinder
2024-12-12 23:47:10,439 [INFO] DbMcusAds:125 - Set database path to: C:\Users\30951\.stmcufinder\plugins\mcufinder//mcu/
2024-12-12 23:47:10,439 [WARN] DbFile:41 - Overriding database path with different value: C:\Users\30951\.stmcufinder\plugins\mcufinder/ => C:\Users\30951\.stmcufinder\plugins\mcufinder
2024-12-12 23:47:10,439 [WARN] DbFile:41 - Overriding database path with different value: C:\Users\30951\.stmcufinder\plugins\mcufinder/ => C:\Users\30951\.stmcufinder\plugins\mcufinder
2024-12-12 23:47:10,439 [INFO] CrossReferenceDbSqlite:203 - Set database path to: C:\Users\30951\.stmcufinder\plugins\mcufinder//mcu/cs/
2024-12-12 23:47:10,452 [INFO] ApplicationProperties:184 - Using Application install path: C:\ST\STM32CubeIDE_1.16.1\STM32CubeIDE\plugins\com.st.stm32cube.common.mx_6.12.1.202409122256
2024-12-12 23:47:10,453 [INFO] PluginManage:196 - Search for loadable plugins [exclusion list=, ]
2024-12-12 23:47:10,454 [INFO] PluginManage:310 - Check plugin analytics
2024-12-12 23:47:10,635 [INFO] AnalyticsPlugin:253 - Accepted Software Licenses: 
2024-12-12 23:47:10,635 [INFO] AnalyticsPlugin:255 - Accepted CMSIS Pack Licenses: 
2024-12-12 23:47:10,635 [INFO] AnalyticsPlugin:257 - Accepted Firmware Licenses: 
2024-12-12 23:47:10,638 [INFO] PluginManage:359 - Loaded plugin analytics (category:tool,tabindex:-1)
2024-12-12 23:47:10,638 [INFO] PluginManage:310 - Check plugin cadmodel
2024-12-12 23:47:10,642 [INFO] CADModel:105 - Init CAD model plugin
2024-12-12 23:47:10,642 [INFO] PluginManage:359 - Loaded plugin cadmodel (category:power,tabindex:5)
2024-12-12 23:47:10,642 [INFO] PluginManage:310 - Check plugin clock
2024-12-12 23:47:10,650 [INFO] PluginManage:359 - Loaded plugin clock (category:base,tabindex:2)
2024-12-12 23:47:10,650 [INFO] PluginManage:310 - Check plugin ddr
2024-12-12 23:47:10,653 [INFO] PluginManage:359 - Loaded plugin ddr (category:tool,tabindex:6)
2024-12-12 23:47:10,653 [INFO] PluginManage:310 - Check plugin filemanager
2024-12-12 23:47:10,815 [INFO] PluginManage:359 - Loaded plugin filemanager (category:base,tabindex:10)
2024-12-12 23:47:10,815 [INFO] PluginManage:310 - Check plugin ipmanager
2024-12-12 23:47:10,823 [INFO] PluginManage:359 - Loaded plugin ipmanager (category:base,tabindex:5)
2024-12-12 23:47:10,823 [INFO] PluginManage:310 - Check plugin lpbam
2024-12-12 23:47:10,831 [INFO] PluginManage:359 - Loaded plugin lpbam (category:base,tabindex:0)
2024-12-12 23:47:10,831 [INFO] PluginManage:310 - Check plugin memorymap
2024-12-12 23:47:10,845 [INFO] PluginManage:359 - Loaded plugin memorymap (category:base,tabindex:4)
2024-12-12 23:47:10,845 [INFO] PluginManage:310 - Check plugin pinoutandconfiguration
2024-12-12 23:47:10,855 [INFO] PluginManage:359 - Loaded plugin pinoutandconfiguration (category:base,tabindex:1)
2024-12-12 23:47:10,855 [INFO] PluginManage:310 - Check plugin pinoutconfig
2024-12-12 23:47:10,942 [WARN] SupportedApi:132 - Cannot load RTOS API schema: s4s-elt-must-match.1: The content of 'definitions' must match (annotation?, (simpleType | complexType)?, (unique | key | keyref)*)). A problem was found starting at: attribute.
2024-12-12 23:47:11,090 [INFO] PluginManage:359 - Loaded plugin pinoutconfig (category:base,tabindex:0)
2024-12-12 23:47:11,091 [INFO] PluginManage:310 - Check plugin power
2024-12-12 23:47:11,098 [INFO] PluginManage:359 - Loaded plugin power (category:power,tabindex:4)
2024-12-12 23:47:11,098 [INFO] PluginManage:310 - Check plugin projectmanager
2024-12-12 23:47:11,116 [INFO] PluginManage:359 - Loaded plugin projectmanager (category:projectmanager,tabindex:4)
2024-12-12 23:47:11,116 [INFO] PluginManage:310 - Check plugin rif
2024-12-12 23:47:11,120 [INFO] PluginManage:359 - Loaded plugin rif (category:base,tabindex:3)
2024-12-12 23:47:11,120 [INFO] PluginManage:310 - Check plugin thirdparty
2024-12-12 23:47:11,240 [INFO] PluginManage:359 - Loaded plugin thirdparty (category:base,tabindex:-1)
2024-12-12 23:47:11,240 [WARN] IntegrityCheckThread:84 - waiting for thirdparty lock release [integrity check]
2024-12-12 23:47:11,240 [INFO] PluginManage:310 - Check plugin tools
2024-12-12 23:47:11,240 [INFO] IntegrityCheckThread:86 - entering critical section [integrity check]
2024-12-12 23:47:11,240 [INFO] ThirdPartyUpdaterWithRetryManager:70 - Updater plugin not ready yet. [1/15]
2024-12-12 23:47:11,243 [INFO] PluginManage:359 - Loaded plugin tools (category:base,tabindex:7)
2024-12-12 23:47:11,243 [INFO] PluginManage:310 - Check plugin tutovideos
2024-12-12 23:47:11,447 [INFO] PluginManage:359 - Loaded plugin tutovideos (category:base,tabindex:-1)
2024-12-12 23:47:11,447 [INFO] PluginManage:310 - Check plugin updater
2024-12-12 23:47:11,464 [INFO] PluginManage:359 - Loaded plugin updater (category:base,tabindex:12)
2024-12-12 23:47:11,464 [INFO] PluginManage:310 - Check plugin userauth
2024-12-12 23:47:11,472 [INFO] UserAuth:113 - Init User Auth plugin
2024-12-12 23:47:11,472 [INFO] PluginManage:359 - Loaded plugin userauth (category:base,tabindex:14)
2024-12-12 23:47:11,472 [INFO] PluginManage:283 - PluginManage : Loaded plugins [18]
2024-12-12 23:47:11,647 [INFO] PinOutPanel:1561 - setPackage(No Configuration,No Configuration)
2024-12-12 23:47:11,738 [INFO] CADModel:165 - CPN selected for project level
2024-12-12 23:47:11,738 [INFO] CADModel:114 - Register for checkConnection events
2024-12-12 23:47:11,751 [INFO] IPUIPlugin:80 - create IPUIPlugin
2024-12-12 23:47:11,751 [INFO] PluginManager:220 - loadIPPluginJar : add adc
2024-12-12 23:47:11,753 [INFO] IPUIPlugin:80 - create IPUIPlugin
2024-12-12 23:47:11,753 [INFO] PluginManager:220 - loadIPPluginJar : add aes
2024-12-12 23:47:11,754 [INFO] IPUIPlugin:80 - create IPUIPlugin
2024-12-12 23:47:11,754 [INFO] PluginManager:220 - loadIPPluginJar : add can
2024-12-12 23:47:11,755 [INFO] IPUIPlugin:80 - create IPUIPlugin
2024-12-12 23:47:11,755 [INFO] PluginManager:220 - loadIPPluginJar : add comp
2024-12-12 23:47:11,756 [INFO] IPUIPlugin:80 - create IPUIPlugin
2024-12-12 23:47:11,757 [INFO] PluginManager:220 - loadIPPluginJar : add cryp
2024-12-12 23:47:11,758 [INFO] IPUIPlugin:80 - create IPUIPlugin
2024-12-12 23:47:11,758 [INFO] PluginManager:220 - loadIPPluginJar : add ddr_ctrl_phy
2024-12-12 23:47:11,760 [INFO] IPUIPlugin:80 - create IPUIPlugin
2024-12-12 23:47:11,760 [INFO] PluginManager:220 - loadIPPluginJar : add dfsdm
2024-12-12 23:47:11,763 [INFO] IPUIPlugin:80 - create IPUIPlugin
2024-12-12 23:47:11,763 [INFO] PluginManager:220 - loadIPPluginJar : add dma
2024-12-12 23:47:11,765 [INFO] IPUIPlugin:80 - create IPUIPlugin
2024-12-12 23:47:11,765 [INFO] PluginManager:220 - loadIPPluginJar : add dma3
2024-12-12 23:47:11,766 [INFO] IPUIPlugin:80 - create IPUIPlugin
2024-12-12 23:47:11,766 [INFO] PluginManager:220 - loadIPPluginJar : add extmemmanager
2024-12-12 23:47:11,767 [INFO] IPUIPlugin:80 - create IPUIPlugin
2024-12-12 23:47:11,767 [INFO] PluginManager:220 - loadIPPluginJar : add fatfs
2024-12-12 23:47:11,769 [INFO] IPUIPlugin:80 - create IPUIPlugin
2024-12-12 23:47:11,769 [INFO] PluginManager:220 - loadIPPluginJar : add fmc
2024-12-12 23:47:11,772 [INFO] IPUIPlugin:80 - create IPUIPlugin
2024-12-12 23:47:11,773 [INFO] PluginManager:220 - loadIPPluginJar : add freertos
2024-12-12 23:47:11,773 [INFO] IPUIPlugin:80 - create IPUIPlugin
2024-12-12 23:47:11,773 [INFO] PluginManager:220 - loadIPPluginJar : add genericplugin
2024-12-12 23:47:11,775 [INFO] IPUIPlugin:80 - create IPUIPlugin
2024-12-12 23:47:11,775 [INFO] PluginManager:220 - loadIPPluginJar : add gfxmmu
2024-12-12 23:47:11,777 [INFO] IPUIPlugin:80 - create IPUIPlugin
2024-12-12 23:47:11,777 [INFO] PluginManager:220 - loadIPPluginJar : add gic
2024-12-12 23:47:11,782 [INFO] IPUIPlugin:80 - create IPUIPlugin
2024-12-12 23:47:11,782 [INFO] PluginManager:220 - loadIPPluginJar : add gpio
2024-12-12 23:47:11,783 [INFO] IPUIPlugin:80 - create IPUIPlugin
2024-12-12 23:47:11,783 [INFO] PluginManager:220 - loadIPPluginJar : add gtzc
2024-12-12 23:47:11,784 [INFO] IPUIPlugin:80 - create IPUIPlugin
2024-12-12 23:47:11,784 [INFO] PluginManager:220 - loadIPPluginJar : add hash
2024-12-12 23:47:11,785 [INFO] IPUIPlugin:80 - create IPUIPlugin
2024-12-12 23:47:11,785 [INFO] PluginManager:220 - loadIPPluginJar : add i2c
2024-12-12 23:47:11,786 [INFO] IPUIPlugin:80 - create IPUIPlugin
2024-12-12 23:47:11,787 [INFO] PluginManager:220 - loadIPPluginJar : add i2s
2024-12-12 23:47:11,788 [INFO] IPUIPlugin:80 - create IPUIPlugin
2024-12-12 23:47:11,788 [INFO] PluginManager:220 - loadIPPluginJar : add i3c
2024-12-12 23:47:11,791 [INFO] IPUIPlugin:80 - create IPUIPlugin
2024-12-12 23:47:11,791 [INFO] PluginManager:220 - loadIPPluginJar : add ipddr
2024-12-12 23:47:11,794 [INFO] IPUIPlugin:80 - create IPUIPlugin
2024-12-12 23:47:11,794 [INFO] PluginManager:220 - loadIPPluginJar : add linkedlist
2024-12-12 23:47:11,797 [INFO] IPUIPlugin:80 - create IPUIPlugin
2024-12-12 23:47:11,797 [INFO] PluginManager:220 - loadIPPluginJar : add lorawan
2024-12-12 23:47:11,797 [INFO] IPUIPlugin:80 - create IPUIPlugin
2024-12-12 23:47:11,797 [INFO] PluginManager:220 - loadIPPluginJar : add ltdc
2024-12-12 23:47:11,800 [INFO] IPUIPlugin:80 - create IPUIPlugin
2024-12-12 23:47:11,800 [INFO] PluginManager:220 - loadIPPluginJar : add mdma
2024-12-12 23:47:11,802 [INFO] IPUIPlugin:80 - create IPUIPlugin
2024-12-12 23:47:11,802 [INFO] PluginManager:220 - loadIPPluginJar : add nvic
2024-12-12 23:47:11,803 [INFO] IPUIPlugin:80 - create IPUIPlugin
2024-12-12 23:47:11,803 [INFO] PluginManager:220 - loadIPPluginJar : add opamp
2024-12-12 23:47:11,804 [INFO] IPUIPlugin:80 - create IPUIPlugin
2024-12-12 23:47:11,804 [INFO] PluginManager:220 - loadIPPluginJar : add openamp
2024-12-12 23:47:11,806 [INFO] IPUIPlugin:80 - create IPUIPlugin
2024-12-12 23:47:11,806 [INFO] PluginManager:220 - loadIPPluginJar : add pdm2pcm
2024-12-12 23:47:11,808 [INFO] IPUIPlugin:80 - create IPUIPlugin
2024-12-12 23:47:11,810 [INFO] PluginManager:220 - loadIPPluginJar : add plateformsettings
2024-12-12 23:47:11,811 [INFO] IPUIPlugin:80 - create IPUIPlugin
2024-12-12 23:47:11,811 [INFO] PluginManager:220 - loadIPPluginJar : add quadspi
2024-12-12 23:47:11,812 [INFO] IPUIPlugin:80 - create IPUIPlugin
2024-12-12 23:47:11,812 [INFO] PluginManager:220 - loadIPPluginJar : add radio
2024-12-12 23:47:11,813 [INFO] IPUIPlugin:80 - create IPUIPlugin
2024-12-12 23:47:11,813 [INFO] PluginManager:220 - loadIPPluginJar : add resmgrutility
2024-12-12 23:47:11,814 [INFO] IPUIPlugin:80 - create IPUIPlugin
2024-12-12 23:47:11,814 [INFO] PluginManager:220 - loadIPPluginJar : add sai
2024-12-12 23:47:11,815 [INFO] IPUIPlugin:80 - create IPUIPlugin
2024-12-12 23:47:11,815 [INFO] PluginManager:220 - loadIPPluginJar : add spi
2024-12-12 23:47:11,818 [INFO] IPUIPlugin:80 - create IPUIPlugin
2024-12-12 23:47:11,818 [INFO] PluginManager:220 - loadIPPluginJar : add stm32_wpan
2024-12-12 23:47:11,819 [INFO] IPUIPlugin:80 - create IPUIPlugin
2024-12-12 23:47:11,819 [INFO] PluginManager:220 - loadIPPluginJar : add tim
2024-12-12 23:47:11,821 [INFO] IPUIPlugin:80 - create IPUIPlugin
2024-12-12 23:47:11,821 [INFO] PluginManager:220 - loadIPPluginJar : add touchsensing
2024-12-12 23:47:11,822 [INFO] IPUIPlugin:80 - create IPUIPlugin
2024-12-12 23:47:11,822 [INFO] PluginManager:220 - loadIPPluginJar : add tracer_emb
2024-12-12 23:47:11,825 [INFO] IPUIPlugin:80 - create IPUIPlugin
2024-12-12 23:47:11,825 [INFO] PluginManager:220 - loadIPPluginJar : add ts
2024-12-12 23:47:11,825 [INFO] IPUIPlugin:80 - create IPUIPlugin
2024-12-12 23:47:11,825 [INFO] PluginManager:220 - loadIPPluginJar : add tsc
2024-12-12 23:47:11,826 [INFO] IPUIPlugin:80 - create IPUIPlugin
2024-12-12 23:47:11,826 [INFO] PluginManager:220 - loadIPPluginJar : add ucpd
2024-12-12 23:47:11,828 [INFO] IPUIPlugin:80 - create IPUIPlugin
2024-12-12 23:47:11,828 [INFO] PluginManager:220 - loadIPPluginJar : add usart
2024-12-12 23:47:11,830 [INFO] IPUIPlugin:80 - create IPUIPlugin
2024-12-12 23:47:11,830 [INFO] PluginManager:220 - loadIPPluginJar : add usbx
2024-12-12 23:47:11,934 [INFO] CADModel:165 - CPN selected for project level
2024-12-12 23:47:11,934 [INFO] CADModel:114 - Register for checkConnection events
2024-12-12 23:47:11,934 [FATAL] Updater:334 - Updater called before beeing initialized
2024-12-12 23:47:11,935 [ERROR] CADModel:125 - Updater not yet initialized, retry later 
2024-12-12 23:47:12,010 [INFO] CADModel:165 - CPN selected for project level
2024-12-12 23:47:12,010 [INFO] CADModel:114 - Register for checkConnection events
2024-12-12 23:47:12,010 [FATAL] Updater:334 - Updater called before beeing initialized
2024-12-12 23:47:12,010 [ERROR] CADModel:125 - Updater not yet initialized, retry later 
2024-12-12 23:47:12,011 [FATAL] Updater:334 - Updater called before beeing initialized
2024-12-12 23:47:12,081 [FATAL] Updater:334 - Updater called before beeing initialized
2024-12-12 23:47:12,084 [INFO] DbMcusAds:53 - JSON generation date=Fri Sep 20 21:04:23 HKT 2024 (1726837463113)
2024-12-12 23:47:12,084 [FATAL] Updater:334 - Updater called before beeing initialized
2024-12-12 23:47:12,103 [WARN] DetailPanel:346 - Failed to get advertising image, set to default
2024-12-12 23:47:12,161 [FATAL] Updater:334 - Updater called before beeing initialized
2024-12-12 23:47:12,162 [FATAL] Updater:334 - Updater called before beeing initialized
2024-12-12 23:47:12,162 [FATAL] Updater:334 - Updater called before beeing initialized
2024-12-12 23:47:12,162 [WARN] DetailPanel:346 - Failed to get advertising image, set to default
2024-12-12 23:47:12,162 [FATAL] Updater:334 - Updater called before beeing initialized
2024-12-12 23:47:12,189 [ERROR] Updater:1164 - MainUpdater not yet initialized. External WinMGr cannot be set.
2024-12-12 23:47:12,192 [INFO] Updater:1100 - Updater Version found : 6.12.1
2024-12-12 23:47:12,201 [INFO] ApplicationProperties:184 - Using Application install path: C:\ST\STM32CubeIDE_1.16.1\STM32CubeIDE\plugins\com.st.stm32cube.common.mx_6.12.1.202409122256
2024-12-12 23:47:13,778 [ERROR] LogOutputStream:75 - [STDERR_REDIRECT] Dec 12, 2024 11:47:13 PM java.util.prefs.WindowsPreferences <init>
2024-12-12 23:47:13,779 [ERROR] LogOutputStream:75 - [STDERR_REDIRECT] WARNING: Could not open/create prefs root node Software\JavaSoft\Prefs at root 0xffffffff80000002. Windows RegCreateKeyEx(...) returned error code 5.
2024-12-12 23:47:13,779 [ERROR] LogOutputStream:75 - [STDERR_REDIRECT] 
2024-12-12 23:47:14,242 [INFO] ThirdPartyUpdaterWithRetryManager:70 - Updater plugin not ready yet. [2/15]
2024-12-12 23:47:14,454 [INFO] MainUpdater:2873 - connection check result : 10
2024-12-12 23:47:14,455 [INFO] MainUpdater:290 - Updater Check For Update Now.
2024-12-12 23:47:14,455 [INFO] MicroXplorer:498 - Change Database Version : DB.6.0.121
2024-12-12 23:47:14,458 [INFO] McuFinderGlobals:63 - Set McuFinder mode to 2 (CubeIDE integrated)
2024-12-12 23:47:14,458 [INFO] UserAuth:417 - Internet connection configuration mode: 1
2024-12-12 23:47:14,468 [INFO] JxBrowserEngine:152 - Initiate JxBrowser Engine with user profile folder
2024-12-12 23:47:14,607 [INFO] CheckServerUpdateThread:120 - End of CheckServer Thread
2024-12-12 23:47:14,895 [INFO] WebApp:167 - Instantiating new browser for Auth
2024-12-12 23:47:15,350 [INFO] WebApp:448 - Apply proxy settings
2024-12-12 23:47:15,352 [INFO] WebApp:533 - Chromium requires no authentication
2024-12-12 23:47:15,355 [INFO] WebApp:476 - Direct internet connection detected
2024-12-12 23:47:15,367 [INFO] WebApp:869 - Register for checkConnection events
2024-12-12 23:47:15,368 [INFO] WebApp:448 - Apply proxy settings
2024-12-12 23:47:15,368 [INFO] WebApp:533 - Chromium requires no authentication
2024-12-12 23:47:15,368 [INFO] WebApp:476 - Direct internet connection detected
2024-12-12 23:47:15,456 [INFO] WebApp:220 - Starting web application
2024-12-12 23:47:15,456 [INFO] WebApp:578 - Web application path used C:\ST\STM32CubeIDE_1.16.1\STM32CubeIDE\plugins\com.st.stm32cube.common.mx_6.12.1.202409122256\db\plugins\mcufinder\reactClient1\index.html
2024-12-12 23:47:15,504 [INFO] UserAuth:417 - Internet connection configuration mode: 1
2024-12-12 23:47:17,354 [WARN] PackLoader:240 - Cannot read IP mode file for STMicroelectronics.FP-SNS-MOTENVWB1.1.4.0
2024-12-12 23:47:17,359 [WARN] PackLoader:240 - Cannot read IP mode file for STMicroelectronics.FP-ATR-ASTRA1.2.0.1
2024-12-12 23:47:17,366 [WARN] PackLoader:240 - Cannot read IP mode file for STMicroelectronics.X-CUBE-SMBUS.2.1.0
2024-12-12 23:47:17,371 [WARN] PackLoader:240 - Cannot read IP mode file for STMicroelectronics.X-CUBE-WB05N.1.1.0
2024-12-12 23:47:17,387 [WARN] PackLoader:240 - Cannot read IP mode file for STMicroelectronics.X-CUBE-AZRTOS-F7.1.1.0
2024-12-12 23:47:17,423 [WARN] PackLoader:240 - Cannot read IP mode file for STMicroelectronics.X-CUBE-MEMS1.11.0.0
2024-12-12 23:47:17,540 [WARN] PackLoader:240 - Cannot read IP mode file for STMicroelectronics.FP-SNS-FLIGHT1.5.0.2
2024-12-12 23:47:17,546 [WARN] PackLoader:240 - Cannot read IP mode file for STMicroelectronics.X-CUBE-DISPLAY.3.0.0
2024-12-12 23:47:17,551 [WARN] PackLoader:240 - Cannot read IP mode file for STMicroelectronics.X-CUBE-BLE1.7.0.0
2024-12-12 23:47:17,557 [WARN] PackLoader:240 - Cannot read IP mode file for STMicroelectronics.X-CUBE-NFC10.1.0.0
2024-12-12 23:47:17,564 [WARN] PackLoader:240 - Cannot read IP mode file for STMicroelectronics.X-CUBE-BLEMGR.4.0.0
2024-12-12 23:47:17,572 [WARN] PackLoader:240 - Cannot read IP mode file for emotas.I-CUBE-CANOPEN.1.3.0
2024-12-12 23:47:17,578 [WARN] PackLoader:240 - Cannot read IP mode file for STMicroelectronics.X-CUBE-BLEMGR.3.1.0
2024-12-12 23:47:17,582 [WARN] PackLoader:240 - Cannot read IP mode file for STMicroelectronics.FP-SNS-SMARTAG2.1.2.0
2024-12-12 23:47:17,587 [INFO] LogOutputStream:77 - [STDOUT_REDIRECT] 1 : Invalid condition id : UX_CORESTACK_Condition cause : null
2024-12-12 23:47:17,587 [INFO] LogOutputStream:77 - [STDOUT_REDIRECT] 1 : Invalid condition id : UX_CORESTACK_Condition cause : null
2024-12-12 23:47:17,588 [INFO] LogOutputStream:77 - [STDOUT_REDIRECT] 1 : Invalid condition id : UX_CORESTACK_Condition cause : null
2024-12-12 23:47:17,588 [INFO] LogOutputStream:77 - [STDOUT_REDIRECT] 1 : Invalid condition id : UX_CORESTACK_Condition cause : null
2024-12-12 23:47:17,589 [INFO] LogOutputStream:77 - [STDOUT_REDIRECT] 1 : Invalid condition id : UX_CORESTACK_Condition cause : null
2024-12-12 23:47:17,592 [WARN] PackLoader:240 - Cannot read IP mode file for STMicroelectronics.X-CUBE-AZRTOS-WL.2.0.0
2024-12-12 23:47:17,595 [WARN] PackLoader:240 - Cannot read IP mode file for STMicroelectronics.FP-SNS-MOTENV1.5.0.0
2024-12-12 23:47:17,599 [WARN] PackLoader:240 - Cannot read IP mode file for wolfSSL.I-CUBE-wolfMQTT.1.19.0
2024-12-12 23:47:17,602 [WARN] PackLoader:240 - Cannot read IP mode file for STMicroelectronics.X-CUBE-BLE2.3.3.0
2024-12-12 23:47:17,607 [WARN] PackLoader:240 - Cannot read IP mode file for STMicroelectronics.X-CUBE-NFC9.1.0.0
2024-12-12 23:47:17,612 [WARN] PackLoader:240 - Cannot read IP mode file for STMicroelectronics.X-CUBE-TCPP.4.1.0
2024-12-12 23:47:17,625 [WARN] PackLoader:240 - Cannot read IP mode file for STMicroelectronics.X-CUBE-AZRTOS-G0.1.1.0
2024-12-12 23:47:17,644 [WARN] PackLoader:240 - Cannot read IP mode file for STMicroelectronics.X-CUBE-SAFEA1.1.2.2
2024-12-12 23:47:17,652 [WARN] PackLoader:240 - Cannot read IP mode file for STMicroelectronics.X-CUBE-NFC4.3.0.0
2024-12-12 23:47:17,659 [WARN] PackLoader:240 - Cannot read IP mode file for EmbeddedOffice.I-CUBE-FS-RTOS.1.0.1
2024-12-12 23:47:17,660 [ERROR] ConditionMgr:805 - Attr not supported : Dmpu
2024-12-12 23:47:17,660 [ERROR] ConditionMgr:805 - Attr not supported : Dmpu
2024-12-12 23:47:17,660 [ERROR] ConditionMgr:805 - Attr not supported : Dmpu
2024-12-12 23:47:17,660 [ERROR] ConditionMgr:805 - Attr not supported : Dmpu
2024-12-12 23:47:17,660 [ERROR] ConditionMgr:805 - Attr not supported : Dmpu
2024-12-12 23:47:17,660 [ERROR] ConditionMgr:805 - Attr not supported : Dmpu
2024-12-12 23:47:17,660 [ERROR] ConditionMgr:805 - Attr not supported : Dmpu
2024-12-12 23:47:17,660 [ERROR] ConditionMgr:805 - Attr not supported : Dmpu
2024-12-12 23:47:17,660 [ERROR] ConditionMgr:805 - Attr not supported : Dmpu
2024-12-12 23:47:17,660 [ERROR] ConditionMgr:805 - Attr not supported : Dmpu
2024-12-12 23:47:17,660 [ERROR] ConditionMgr:805 - Attr not supported : Dmpu
2024-12-12 23:47:17,660 [ERROR] ConditionMgr:805 - Attr not supported : Dmpu
2024-12-12 23:47:17,662 [ERROR] ConditionMgr:805 - Attr not supported : Dmpu
2024-12-12 23:47:17,662 [ERROR] ConditionMgr:805 - Attr not supported : Dmpu
2024-12-12 23:47:17,662 [ERROR] ConditionMgr:805 - Attr not supported : Dmpu
2024-12-12 23:47:17,662 [ERROR] ConditionMgr:805 - Attr not supported : Dmpu
2024-12-12 23:47:17,662 [ERROR] ConditionMgr:805 - Attr not supported : Dmpu
2024-12-12 23:47:17,662 [ERROR] ConditionMgr:805 - Attr not supported : Dmpu
2024-12-12 23:47:17,662 [ERROR] ConditionMgr:805 - Attr not supported : Dmpu
2024-12-12 23:47:17,662 [ERROR] ConditionMgr:805 - Attr not supported : Dmpu
2024-12-12 23:47:17,662 [ERROR] ConditionMgr:805 - Attr not supported : Dmpu
2024-12-12 23:47:17,662 [ERROR] ConditionMgr:805 - Attr not supported : Dmpu
2024-12-12 23:47:17,662 [ERROR] ConditionMgr:805 - Attr not supported : Dmpu
2024-12-12 23:47:17,662 [ERROR] ConditionMgr:805 - Attr not supported : Dmpu
2024-12-12 23:47:17,662 [ERROR] ConditionMgr:805 - Attr not supported : Dmpu
2024-12-12 23:47:17,662 [ERROR] ConditionMgr:805 - Attr not supported : Dmpu
2024-12-12 23:47:17,662 [ERROR] ConditionMgr:805 - Attr not supported : Dmpu
2024-12-12 23:47:17,662 [ERROR] ConditionMgr:805 - Attr not supported : Dmpu
2024-12-12 23:47:17,662 [ERROR] ConditionMgr:805 - Attr not supported : Dmpu
2024-12-12 23:47:17,662 [ERROR] ConditionMgr:805 - Attr not supported : Dmpu
2024-12-12 23:47:17,662 [ERROR] ConditionMgr:805 - Attr not supported : Dmpu
2024-12-12 23:47:17,662 [ERROR] ConditionMgr:805 - Attr not supported : Dmpu
2024-12-12 23:47:17,662 [ERROR] ConditionMgr:805 - Attr not supported : Dmpu
2024-12-12 23:47:17,662 [ERROR] ConditionMgr:805 - Attr not supported : Dmpu
2024-12-12 23:47:17,662 [ERROR] ConditionMgr:805 - Attr not supported : Dmpu
2024-12-12 23:47:17,662 [ERROR] ConditionMgr:805 - Attr not supported : Dmpu
2024-12-12 23:47:17,662 [ERROR] ConditionMgr:805 - Attr not supported : Dmpu
2024-12-12 23:47:17,662 [ERROR] ConditionMgr:805 - Attr not supported : Dmpu
2024-12-12 23:47:17,662 [ERROR] ConditionMgr:805 - Attr not supported : Dmpu
2024-12-12 23:47:17,662 [ERROR] ConditionMgr:805 - Attr not supported : Dmpu
2024-12-12 23:47:17,662 [ERROR] ConditionMgr:805 - Attr not supported : Dmpu
2024-12-12 23:47:17,662 [ERROR] ConditionMgr:805 - Attr not supported : Dmpu
2024-12-12 23:47:17,662 [ERROR] ConditionMgr:805 - Attr not supported : Dmpu
2024-12-12 23:47:17,662 [ERROR] ConditionMgr:805 - Attr not supported : Dmpu
2024-12-12 23:47:17,663 [ERROR] ConditionMgr:805 - Attr not supported : Dmpu
2024-12-12 23:47:17,663 [ERROR] ConditionMgr:805 - Attr not supported : Dmpu
2024-12-12 23:47:17,663 [ERROR] ConditionMgr:805 - Attr not supported : Dmpu
2024-12-12 23:47:17,663 [ERROR] ConditionMgr:805 - Attr not supported : Dmpu
2024-12-12 23:47:17,663 [ERROR] ConditionMgr:805 - Attr not supported : Dmpu
2024-12-12 23:47:17,663 [ERROR] ConditionMgr:805 - Attr not supported : Dmpu
2024-12-12 23:47:17,663 [ERROR] ConditionMgr:805 - Attr not supported : Dmpu
2024-12-12 23:47:17,663 [ERROR] ConditionMgr:805 - Attr not supported : Dmpu
2024-12-12 23:47:17,663 [ERROR] ConditionMgr:805 - Attr not supported : Dmpu
2024-12-12 23:47:17,663 [ERROR] ConditionMgr:805 - Attr not supported : Dmpu
2024-12-12 23:47:17,663 [ERROR] ConditionMgr:805 - Attr not supported : Dmpu
2024-12-12 23:47:17,663 [ERROR] ConditionMgr:805 - Attr not supported : Dmpu
2024-12-12 23:47:17,663 [ERROR] ConditionMgr:805 - Attr not supported : Dmpu
2024-12-12 23:47:17,663 [ERROR] ConditionMgr:805 - Attr not supported : Dmpu
2024-12-12 23:47:17,663 [ERROR] ConditionMgr:805 - Attr not supported : Dmpu
2024-12-12 23:47:17,663 [ERROR] ConditionMgr:805 - Attr not supported : Dmpu
2024-12-12 23:47:17,663 [ERROR] ConditionMgr:805 - Attr not supported : Dmpu
2024-12-12 23:47:17,663 [ERROR] ConditionMgr:805 - Attr not supported : Dmpu
2024-12-12 23:47:17,663 [ERROR] ConditionMgr:805 - Attr not supported : Dmpu
2024-12-12 23:47:17,663 [ERROR] ConditionMgr:805 - Attr not supported : Dmpu
2024-12-12 23:47:17,666 [WARN] PackLoader:240 - Cannot read IP mode file for RealThread.X-CUBE-RT-Thread_Nano.4.1.1
2024-12-12 23:47:17,670 [WARN] PackLoader:240 - Cannot read IP mode file for STMicroelectronics.FP-ATR-SIGFOX1.3.2.0
2024-12-12 23:47:17,673 [WARN] PackLoader:240 - Cannot read IP mode file for wolfSSL.I-CUBE-wolfSSL.5.7.2
2024-12-12 23:47:17,678 [WARN] ConditionMgr:438 - getConditionDescription Invalid condition id : Cortex-A Device cause : null
2024-12-12 23:47:17,689 [WARN] ConditionMgr:1039 - genDependencies : Invalid condition id : Cortex-A Device cause : null
2024-12-12 23:47:17,689 [WARN] ConditionMgr:1039 - genDependencies : Invalid condition id : Cortex-A Device cause : null
2024-12-12 23:47:17,689 [WARN] ConditionMgr:1039 - genDependencies : Invalid condition id : Cortex-A Device cause : null
2024-12-12 23:47:17,693 [WARN] PackLoader:240 - Cannot read IP mode file for STMicroelectronics.X-CUBE-EEPRMA1.5.1.0
2024-12-12 23:47:17,698 [WARN] PackLoader:240 - Cannot read IP mode file for ITTIA_DB.I-CUBE-ITTIADB.8.9.0
2024-12-12 23:47:17,719 [WARN] PackLoader:240 - Cannot read IP mode file for SEGGER.I-CUBE-embOS.1.3.1
2024-12-12 23:47:17,742 [WARN] PackLoader:240 - Cannot read IP mode file for STMicroelectronics.X-CUBE-ALGOBUILD.1.4.0
2024-12-12 23:47:17,745 [WARN] PackLoader:240 - Cannot read IP mode file for STMicroelectronics.X-CUBE-AI.9.1.0
2024-12-12 23:47:17,754 [WARN] PackLoader:240 - Cannot read IP mode file for STMicroelectronics.X-CUBE-AZRTOS-F4.1.1.0
2024-12-12 23:47:17,759 [WARN] PackLoader:240 - Cannot read IP mode file for STMicroelectronics.X-CUBE-ISPU.2.1.0
2024-12-12 23:47:17,763 [WARN] PackLoader:240 - Cannot read IP mode file for STMicroelectronics.X-CUBE-FREERTOS.1.2.0
2024-12-12 23:47:17,775 [WARN] PackLoader:240 - Cannot read IP mode file for STMicroelectronics.X-CUBE-AZRTOS-L5.2.0.0
2024-12-12 23:47:17,781 [WARN] PackLoader:240 - Cannot read IP mode file for STMicroelectronics.X-CUBE-NFC6.3.1.0
2024-12-12 23:47:17,787 [WARN] PackLoader:240 - Cannot read IP mode file for STMicroelectronics.X-CUBE-DPower.1.2.0
2024-12-12 23:47:17,790 [WARN] PackLoader:240 - Cannot read IP mode file for STMicroelectronics.X-CUBE-NFC7.1.0.1
2024-12-12 23:47:17,806 [WARN] ConditionMgr:438 - getConditionDescription Invalid condition id : LAN8742 Phy interface Condition cause : null
2024-12-12 23:47:17,807 [WARN] PackLoader:240 - Cannot read IP mode file for STMicroelectronics.X-CUBE-AZRTOS-L4.2.0.0
2024-12-12 23:47:17,808 [WARN] ConditionMgr:1039 - genDependencies : Invalid condition id : LAN8742 Phy interface Condition cause : null
2024-12-12 23:47:17,808 [WARN] ConditionMgr:1039 - genDependencies : Invalid condition id : LAN8742 Phy interface Condition cause : null
2024-12-12 23:47:17,810 [WARN] ConditionMgr:1039 - genDependencies : Invalid condition id : LAN8742 Phy interface Condition cause : null
2024-12-12 23:47:17,816 [WARN] PackLoader:240 - Cannot read IP mode file for STMicroelectronics.X-CUBE-SFXS2LP1.4.0.0
2024-12-12 23:47:17,834 [WARN] PackLoader:240 - Cannot read IP mode file for STMicroelectronics.X-CUBE-AZRTOS-H7.3.3.0
2024-12-12 23:47:17,848 [WARN] PackLoader:240 - Cannot read IP mode file for STMicroelectronics.X-CUBE-IPS.3.0.0
2024-12-12 23:47:17,861 [WARN] ConditionMgr:438 - getConditionDescription Invalid condition id : UX DEVICE CLASS RTOS Condition cause : null
2024-12-12 23:47:17,861 [WARN] ConditionMgr:438 - getConditionDescription Invalid condition id : UX DEVICE CLASS RTOS Condition cause : null
2024-12-12 23:47:17,863 [WARN] PackLoader:240 - Cannot read IP mode file for STMicroelectronics.X-CUBE-AZRTOS-WB.2.0.0
2024-12-12 23:47:17,863 [WARN] ConditionMgr:1039 - genDependencies : Invalid condition id : UX DEVICE CLASS RTOS Condition cause : null
2024-12-12 23:47:17,863 [WARN] ConditionMgr:1039 - genDependencies : Invalid condition id : UX DEVICE CLASS RTOS Condition cause : null
2024-12-12 23:47:17,863 [WARN] ConditionMgr:1039 - genDependencies : Invalid condition id : UX DEVICE CLASS RTOS Condition cause : null
2024-12-12 23:47:17,865 [WARN] ConditionMgr:1039 - genDependencies : Invalid condition id : UX DEVICE CLASS RTOS Condition cause : null
2024-12-12 23:47:17,865 [WARN] ConditionMgr:1039 - genDependencies : Invalid condition id : UX DEVICE CLASS RTOS Condition cause : null
2024-12-12 23:47:17,875 [WARN] PackLoader:240 - Cannot read IP mode file for STMicroelectronics.X-CUBE-GNSS1.7.0.0
2024-12-12 23:47:17,882 [WARN] PackLoader:240 - Cannot read IP mode file for STMicroelectronics.FP-SNS-STBOX1.2.0.0
2024-12-12 23:47:17,891 [WARN] PackLoader:240 - Cannot read IP mode file for STMicroelectronics.X-CUBE-SUBG2.5.0.0
2024-12-12 23:47:17,896 [WARN] PackLoader:240 - Cannot read IP mode file for Cesanta.I-CUBE-Mongoose.7.13.0
2024-12-12 23:47:17,904 [WARN] PackLoader:240 - Cannot read IP mode file for STMicroelectronics.X-CUBE-AZRTOS-G4.2.0.0
2024-12-12 23:47:17,908 [WARN] PackLoader:240 - Cannot read IP mode file for STMicroelectronics.X-CUBE-ALS.1.0.2
2024-12-12 23:47:17,912 [WARN] PackLoader:240 - Cannot read IP mode file for STMicroelectronics.X-CUBE-TOUCHGFX.4.24.1
2024-12-12 23:47:17,918 [WARN] PackLoader:240 - Cannot read IP mode file for wolfSSL.I-CUBE-wolfTPM.3.4.0
2024-12-12 23:47:17,922 [WARN] PackLoader:240 - Cannot read IP mode file for portGmbH.I-Cube-SoM-uGOAL.1.1.0
2024-12-12 23:47:17,935 [WARN] PackLoader:240 - Cannot read IP mode file for STMicroelectronics.X-CUBE-AZRTOS-H7RS.1.0.0
2024-12-12 23:47:17,940 [WARN] PackLoader:240 - Cannot read IP mode file for STMicroelectronics.FP-ATR-ASTRA1.2.0.0
2024-12-12 23:47:17,947 [WARN] PackLoader:240 - Cannot read IP mode file for STMicroelectronics.X-CUBE-TOF1.3.4.2
2024-12-12 23:47:17,970 [WARN] PackLoader:240 - Cannot read IP mode file for Infineon.AIROC-Wi-Fi-Bluetooth-STM32.1.6.1
2024-12-12 23:47:17,976 [WARN] PackLoader:240 - Cannot read IP mode file for wolfSSL.I-CUBE-wolfSSH.1.4.17
2024-12-12 23:47:17,976 [INFO] ThirdParty:978 - Integrity check success = true
2024-12-12 23:47:17,976 [INFO] IntegrityCheckThread:100 - exiting critical section [integrity check]
2024-12-12 23:47:17,977 [INFO] IntegrityCheckThread:103 - End integrity checks thread
2024-12-12 23:48:29,789 [ERROR] LogOutputStream:75 - [STDERR_REDIRECT] 
