2024-11-29 18:43:18,405 [INFO] Activator:176 - 


2024-11-29 18:43:18,406 [INFO] Activator:177 - !SESSION log4j initialized
2024-11-29 18:43:21,951 [INFO] LogOutputStream:77 - [STDOUT_REDIRECT] 
2024-11-29 18:43:35,300 [INFO] ApplicationProperties:184 - Using Application install path: C:\ST\STM32CubeIDE_1.16.1\STM32CubeIDE\plugins\com.st.stm32cube.common.mx_6.12.1.202409122256
2024-11-29 18:43:35,313 [INFO] DbMcusXml:78 - Set database path to: C:\ST\STM32CubeIDE_1.16.1\STM32CubeIDE\plugins\com.st.stm32cube.common.mx_6.12.1.202409122256\\db\/mcu/
2024-11-29 18:43:35,313 [INFO] ApiDb:274 - Set plugin database path to: C:\ST\STM32CubeIDE_1.16.1\STM32CubeIDE\plugins\com.st.stm32cube.common.mx_6.12.1.202409122256\\db\/plugins/boardmanager/
2024-11-29 18:43:35,313 [WARN] ApiDb:259 - Overriding images path with different value:  => C:\ST\STM32CubeIDE_1.16.1\STM32CubeIDE\plugins\com.st.stm32cube.common.mx_6.12.1.202409122256\\db\/plugins/mcufinder/images/
2024-11-29 18:43:35,321 [INFO] ApiDb:250 - Set database path to: C:\Users\30951\.stmcufinder\plugins\mcufinder//mcu/
2024-11-29 18:43:35,322 [INFO] DbMcusAds:125 - Set database path to: C:\Users\30951\.stmcufinder\plugins\mcufinder//mcu/
2024-11-29 18:43:35,335 [INFO] CrossReferenceDbSqlite:203 - Set database path to: C:\Users\30951\.stmcufinder\plugins\mcufinder//mcu/cs/
2024-11-29 18:43:35,425 [INFO] RulesReader:64 - Compatibility file has been processed (297 Rules)
2024-11-29 18:43:35,497 [INFO] DbMcusXml:78 - Set database path to: C:\ST\STM32CubeIDE_1.16.1\STM32CubeIDE\plugins\com.st.stm32cube.common.mx_6.12.1.202409122256\\db\/mcu/
2024-11-29 18:43:35,497 [INFO] ApiDb:274 - Set plugin database path to: C:\ST\STM32CubeIDE_1.16.1\STM32CubeIDE\plugins\com.st.stm32cube.common.mx_6.12.1.202409122256\\db\/plugins/boardmanager/
2024-11-29 18:43:35,498 [INFO] ApiDb:261 - Set plugin images path to: C:\ST\STM32CubeIDE_1.16.1\STM32CubeIDE\plugins\com.st.stm32cube.common.mx_6.12.1.202409122256\\db\/plugins/mcufinder/images/
2024-11-29 18:43:35,498 [WARN] DbFile:41 - Overriding database path with different value: C:\Users\30951\.stmcufinder\plugins\mcufinder/ => C:\Users\30951\.stmcufinder\plugins\mcufinder
2024-11-29 18:43:35,498 [INFO] ApiDb:250 - Set database path to: C:\Users\30951\.stmcufinder\plugins\mcufinder//mcu/
2024-11-29 18:43:35,498 [WARN] DbFile:41 - Overriding database path with different value: C:\Users\30951\.stmcufinder\plugins\mcufinder/ => C:\Users\30951\.stmcufinder\plugins\mcufinder
2024-11-29 18:43:35,498 [INFO] DbMcusAds:125 - Set database path to: C:\Users\30951\.stmcufinder\plugins\mcufinder//mcu/
2024-11-29 18:43:35,498 [WARN] DbFile:41 - Overriding database path with different value: C:\Users\30951\.stmcufinder\plugins\mcufinder/ => C:\Users\30951\.stmcufinder\plugins\mcufinder
2024-11-29 18:43:35,498 [WARN] DbFile:41 - Overriding database path with different value: C:\Users\30951\.stmcufinder\plugins\mcufinder/ => C:\Users\30951\.stmcufinder\plugins\mcufinder
2024-11-29 18:43:35,498 [INFO] CrossReferenceDbSqlite:203 - Set database path to: C:\Users\30951\.stmcufinder\plugins\mcufinder//mcu/cs/
2024-11-29 18:43:35,569 [INFO] MainPanel:268 - HeapMemory: 268435456
2024-11-29 18:43:35,662 [INFO] DbMcusXml:78 - Set database path to: C:\ST\STM32CubeIDE_1.16.1\STM32CubeIDE\plugins\com.st.stm32cube.common.mx_6.12.1.202409122256\\db\/mcu/
2024-11-29 18:43:35,662 [INFO] ApiDb:274 - Set plugin database path to: C:\ST\STM32CubeIDE_1.16.1\STM32CubeIDE\plugins\com.st.stm32cube.common.mx_6.12.1.202409122256\\db\/plugins/boardmanager/
2024-11-29 18:43:35,662 [INFO] ApiDb:261 - Set plugin images path to: C:\ST\STM32CubeIDE_1.16.1\STM32CubeIDE\plugins\com.st.stm32cube.common.mx_6.12.1.202409122256\\db\/plugins/mcufinder/images/
2024-11-29 18:43:35,662 [WARN] DbFile:41 - Overriding database path with different value: C:\Users\30951\.stmcufinder\plugins\mcufinder/ => C:\Users\30951\.stmcufinder\plugins\mcufinder
2024-11-29 18:43:35,662 [INFO] ApiDb:250 - Set database path to: C:\Users\30951\.stmcufinder\plugins\mcufinder//mcu/
2024-11-29 18:43:35,662 [WARN] DbFile:41 - Overriding database path with different value: C:\Users\30951\.stmcufinder\plugins\mcufinder/ => C:\Users\30951\.stmcufinder\plugins\mcufinder
2024-11-29 18:43:35,662 [INFO] DbMcusAds:125 - Set database path to: C:\Users\30951\.stmcufinder\plugins\mcufinder//mcu/
2024-11-29 18:43:35,662 [WARN] DbFile:41 - Overriding database path with different value: C:\Users\30951\.stmcufinder\plugins\mcufinder/ => C:\Users\30951\.stmcufinder\plugins\mcufinder
2024-11-29 18:43:35,663 [WARN] DbFile:41 - Overriding database path with different value: C:\Users\30951\.stmcufinder\plugins\mcufinder/ => C:\Users\30951\.stmcufinder\plugins\mcufinder
2024-11-29 18:43:35,663 [INFO] CrossReferenceDbSqlite:203 - Set database path to: C:\Users\30951\.stmcufinder\plugins\mcufinder//mcu/cs/
2024-11-29 18:43:35,678 [INFO] ApplicationProperties:184 - Using Application install path: C:\ST\STM32CubeIDE_1.16.1\STM32CubeIDE\plugins\com.st.stm32cube.common.mx_6.12.1.202409122256
2024-11-29 18:43:35,680 [INFO] PluginManage:196 - Search for loadable plugins [exclusion list=, ]
2024-11-29 18:43:35,681 [INFO] PluginManage:310 - Check plugin analytics
2024-11-29 18:43:35,815 [INFO] AnalyticsPlugin:253 - Accepted Software Licenses: 
2024-11-29 18:43:35,815 [INFO] AnalyticsPlugin:255 - Accepted CMSIS Pack Licenses: 
2024-11-29 18:43:35,815 [INFO] AnalyticsPlugin:257 - Accepted Firmware Licenses: 
2024-11-29 18:43:35,816 [INFO] PluginManage:359 - Loaded plugin analytics (category:tool,tabindex:-1)
2024-11-29 18:43:35,816 [INFO] PluginManage:310 - Check plugin cadmodel
2024-11-29 18:43:35,834 [INFO] CADModel:105 - Init CAD model plugin
2024-11-29 18:43:35,834 [INFO] PluginManage:359 - Loaded plugin cadmodel (category:power,tabindex:5)
2024-11-29 18:43:35,834 [INFO] PluginManage:310 - Check plugin clock
2024-11-29 18:43:35,854 [INFO] PluginManage:359 - Loaded plugin clock (category:base,tabindex:2)
2024-11-29 18:43:35,854 [INFO] PluginManage:310 - Check plugin ddr
2024-11-29 18:43:35,856 [INFO] PluginManage:359 - Loaded plugin ddr (category:tool,tabindex:6)
2024-11-29 18:43:35,856 [INFO] PluginManage:310 - Check plugin filemanager
2024-11-29 18:43:35,971 [INFO] PluginManage:359 - Loaded plugin filemanager (category:base,tabindex:10)
2024-11-29 18:43:35,971 [INFO] PluginManage:310 - Check plugin ipmanager
2024-11-29 18:43:35,977 [INFO] PluginManage:359 - Loaded plugin ipmanager (category:base,tabindex:5)
2024-11-29 18:43:35,977 [INFO] PluginManage:310 - Check plugin lpbam
2024-11-29 18:43:35,994 [INFO] PluginManage:359 - Loaded plugin lpbam (category:base,tabindex:0)
2024-11-29 18:43:35,994 [INFO] PluginManage:310 - Check plugin memorymap
2024-11-29 18:43:36,018 [INFO] PluginManage:359 - Loaded plugin memorymap (category:base,tabindex:4)
2024-11-29 18:43:36,018 [INFO] PluginManage:310 - Check plugin pinoutandconfiguration
2024-11-29 18:43:36,035 [INFO] PluginManage:359 - Loaded plugin pinoutandconfiguration (category:base,tabindex:1)
2024-11-29 18:43:36,035 [INFO] PluginManage:310 - Check plugin pinoutconfig
2024-11-29 18:43:36,113 [WARN] SupportedApi:132 - Cannot load RTOS API schema: s4s-elt-must-match.1: The content of 'definitions' must match (annotation?, (simpleType | complexType)?, (unique | key | keyref)*)). A problem was found starting at: attribute.
2024-11-29 18:43:36,211 [INFO] PluginManage:359 - Loaded plugin pinoutconfig (category:base,tabindex:0)
2024-11-29 18:43:36,212 [INFO] PluginManage:310 - Check plugin power
2024-11-29 18:43:36,234 [INFO] PluginManage:359 - Loaded plugin power (category:power,tabindex:4)
2024-11-29 18:43:36,234 [INFO] PluginManage:310 - Check plugin projectmanager
2024-11-29 18:43:36,245 [INFO] PluginManage:359 - Loaded plugin projectmanager (category:projectmanager,tabindex:4)
2024-11-29 18:43:36,245 [INFO] PluginManage:310 - Check plugin rif
2024-11-29 18:43:36,261 [INFO] PluginManage:359 - Loaded plugin rif (category:base,tabindex:3)
2024-11-29 18:43:36,261 [INFO] PluginManage:310 - Check plugin thirdparty
2024-11-29 18:43:36,528 [INFO] PluginManage:359 - Loaded plugin thirdparty (category:base,tabindex:-1)
2024-11-29 18:43:36,528 [INFO] PluginManage:310 - Check plugin tools
2024-11-29 18:43:36,528 [WARN] IntegrityCheckThread:84 - waiting for thirdparty lock release [integrity check]
2024-11-29 18:43:36,528 [INFO] IntegrityCheckThread:86 - entering critical section [integrity check]
2024-11-29 18:43:36,528 [INFO] ThirdPartyUpdaterWithRetryManager:70 - Updater plugin not ready yet. [1/15]
2024-11-29 18:43:36,560 [INFO] PluginManage:359 - Loaded plugin tools (category:base,tabindex:7)
2024-11-29 18:43:36,560 [INFO] PluginManage:310 - Check plugin tutovideos
2024-11-29 18:43:36,700 [INFO] PluginManage:359 - Loaded plugin tutovideos (category:base,tabindex:-1)
2024-11-29 18:43:36,700 [INFO] PluginManage:310 - Check plugin updater
2024-11-29 18:43:36,712 [INFO] PluginManage:359 - Loaded plugin updater (category:base,tabindex:12)
2024-11-29 18:43:36,713 [INFO] PluginManage:310 - Check plugin userauth
2024-11-29 18:43:36,716 [INFO] UserAuth:113 - Init User Auth plugin
2024-11-29 18:43:36,716 [INFO] PluginManage:359 - Loaded plugin userauth (category:base,tabindex:14)
2024-11-29 18:43:36,717 [INFO] PluginManage:283 - PluginManage : Loaded plugins [18]
2024-11-29 18:43:36,900 [INFO] PinOutPanel:1561 - setPackage(No Configuration,No Configuration)
2024-11-29 18:43:36,972 [INFO] CADModel:165 - CPN selected for project level
2024-11-29 18:43:36,973 [INFO] CADModel:114 - Register for checkConnection events
2024-11-29 18:43:36,998 [INFO] IPUIPlugin:80 - create IPUIPlugin
2024-11-29 18:43:36,998 [INFO] PluginManager:220 - loadIPPluginJar : add adc
2024-11-29 18:43:37,040 [INFO] IPUIPlugin:80 - create IPUIPlugin
2024-11-29 18:43:37,040 [INFO] PluginManager:220 - loadIPPluginJar : add aes
2024-11-29 18:43:37,080 [INFO] IPUIPlugin:80 - create IPUIPlugin
2024-11-29 18:43:37,082 [INFO] PluginManager:220 - loadIPPluginJar : add can
2024-11-29 18:43:37,107 [INFO] IPUIPlugin:80 - create IPUIPlugin
2024-11-29 18:43:37,107 [INFO] PluginManager:220 - loadIPPluginJar : add comp
2024-11-29 18:43:37,152 [INFO] IPUIPlugin:80 - create IPUIPlugin
2024-11-29 18:43:37,152 [INFO] PluginManager:220 - loadIPPluginJar : add cryp
2024-11-29 18:43:37,163 [INFO] IPUIPlugin:80 - create IPUIPlugin
2024-11-29 18:43:37,163 [INFO] PluginManager:220 - loadIPPluginJar : add ddr_ctrl_phy
2024-11-29 18:43:37,193 [INFO] IPUIPlugin:80 - create IPUIPlugin
2024-11-29 18:43:37,193 [INFO] PluginManager:220 - loadIPPluginJar : add dfsdm
2024-11-29 18:43:37,211 [INFO] IPUIPlugin:80 - create IPUIPlugin
2024-11-29 18:43:37,212 [INFO] PluginManager:220 - loadIPPluginJar : add dma
2024-11-29 18:43:37,258 [INFO] IPUIPlugin:80 - create IPUIPlugin
2024-11-29 18:43:37,258 [INFO] PluginManager:220 - loadIPPluginJar : add dma3
2024-11-29 18:43:37,298 [INFO] IPUIPlugin:80 - create IPUIPlugin
2024-11-29 18:43:37,299 [INFO] PluginManager:220 - loadIPPluginJar : add extmemmanager
2024-11-29 18:43:37,323 [INFO] IPUIPlugin:80 - create IPUIPlugin
2024-11-29 18:43:37,323 [INFO] PluginManager:220 - loadIPPluginJar : add fatfs
2024-11-29 18:43:37,366 [INFO] IPUIPlugin:80 - create IPUIPlugin
2024-11-29 18:43:37,366 [INFO] PluginManager:220 - loadIPPluginJar : add fmc
2024-11-29 18:43:37,387 [INFO] IPUIPlugin:80 - create IPUIPlugin
2024-11-29 18:43:37,388 [INFO] PluginManager:220 - loadIPPluginJar : add freertos
2024-11-29 18:43:37,407 [INFO] IPUIPlugin:80 - create IPUIPlugin
2024-11-29 18:43:37,407 [INFO] PluginManager:220 - loadIPPluginJar : add genericplugin
2024-11-29 18:43:37,486 [INFO] IPUIPlugin:80 - create IPUIPlugin
2024-11-29 18:43:37,486 [INFO] PluginManager:220 - loadIPPluginJar : add gfxmmu
2024-11-29 18:43:37,638 [INFO] IPUIPlugin:80 - create IPUIPlugin
2024-11-29 18:43:37,638 [INFO] PluginManager:220 - loadIPPluginJar : add gic
2024-11-29 18:43:37,657 [INFO] IPUIPlugin:80 - create IPUIPlugin
2024-11-29 18:43:37,657 [INFO] PluginManager:220 - loadIPPluginJar : add gpio
2024-11-29 18:43:37,745 [INFO] IPUIPlugin:80 - create IPUIPlugin
2024-11-29 18:43:37,745 [INFO] PluginManager:220 - loadIPPluginJar : add gtzc
2024-11-29 18:43:37,784 [INFO] IPUIPlugin:80 - create IPUIPlugin
2024-11-29 18:43:37,784 [INFO] PluginManager:220 - loadIPPluginJar : add hash
2024-11-29 18:43:37,834 [INFO] IPUIPlugin:80 - create IPUIPlugin
2024-11-29 18:43:37,834 [INFO] PluginManager:220 - loadIPPluginJar : add i2c
2024-11-29 18:43:37,882 [INFO] IPUIPlugin:80 - create IPUIPlugin
2024-11-29 18:43:37,882 [INFO] PluginManager:220 - loadIPPluginJar : add i2s
2024-11-29 18:43:37,928 [INFO] IPUIPlugin:80 - create IPUIPlugin
2024-11-29 18:43:37,928 [INFO] PluginManager:220 - loadIPPluginJar : add i3c
2024-11-29 18:43:38,017 [INFO] IPUIPlugin:80 - create IPUIPlugin
2024-11-29 18:43:38,017 [INFO] PluginManager:220 - loadIPPluginJar : add ipddr
2024-11-29 18:43:38,102 [INFO] IPUIPlugin:80 - create IPUIPlugin
2024-11-29 18:43:38,102 [INFO] PluginManager:220 - loadIPPluginJar : add linkedlist
2024-11-29 18:43:38,130 [INFO] IPUIPlugin:80 - create IPUIPlugin
2024-11-29 18:43:38,130 [INFO] PluginManager:220 - loadIPPluginJar : add lorawan
2024-11-29 18:43:38,163 [INFO] IPUIPlugin:80 - create IPUIPlugin
2024-11-29 18:43:38,163 [INFO] PluginManager:220 - loadIPPluginJar : add ltdc
2024-11-29 18:43:38,179 [INFO] IPUIPlugin:80 - create IPUIPlugin
2024-11-29 18:43:38,179 [INFO] PluginManager:220 - loadIPPluginJar : add mdma
2024-11-29 18:43:38,197 [INFO] IPUIPlugin:80 - create IPUIPlugin
2024-11-29 18:43:38,197 [INFO] PluginManager:220 - loadIPPluginJar : add nvic
2024-11-29 18:43:38,232 [INFO] IPUIPlugin:80 - create IPUIPlugin
2024-11-29 18:43:38,233 [INFO] PluginManager:220 - loadIPPluginJar : add opamp
2024-11-29 18:43:38,277 [INFO] IPUIPlugin:80 - create IPUIPlugin
2024-11-29 18:43:38,277 [INFO] PluginManager:220 - loadIPPluginJar : add openamp
2024-11-29 18:43:38,322 [INFO] IPUIPlugin:80 - create IPUIPlugin
2024-11-29 18:43:38,322 [INFO] PluginManager:220 - loadIPPluginJar : add pdm2pcm
2024-11-29 18:43:38,335 [INFO] IPUIPlugin:80 - create IPUIPlugin
2024-11-29 18:43:38,336 [INFO] PluginManager:220 - loadIPPluginJar : add plateformsettings
2024-11-29 18:43:38,357 [INFO] IPUIPlugin:80 - create IPUIPlugin
2024-11-29 18:43:38,358 [INFO] PluginManager:220 - loadIPPluginJar : add quadspi
2024-11-29 18:43:38,384 [INFO] IPUIPlugin:80 - create IPUIPlugin
2024-11-29 18:43:38,385 [INFO] PluginManager:220 - loadIPPluginJar : add radio
2024-11-29 18:43:38,402 [INFO] IPUIPlugin:80 - create IPUIPlugin
2024-11-29 18:43:38,402 [INFO] PluginManager:220 - loadIPPluginJar : add resmgrutility
2024-11-29 18:43:38,443 [INFO] IPUIPlugin:80 - create IPUIPlugin
2024-11-29 18:43:38,443 [INFO] PluginManager:220 - loadIPPluginJar : add sai
2024-11-29 18:43:38,473 [INFO] IPUIPlugin:80 - create IPUIPlugin
2024-11-29 18:43:38,473 [INFO] PluginManager:220 - loadIPPluginJar : add spi
2024-11-29 18:43:38,531 [INFO] IPUIPlugin:80 - create IPUIPlugin
2024-11-29 18:43:38,531 [INFO] PluginManager:220 - loadIPPluginJar : add stm32_wpan
2024-11-29 18:43:38,553 [INFO] IPUIPlugin:80 - create IPUIPlugin
2024-11-29 18:43:38,553 [INFO] PluginManager:220 - loadIPPluginJar : add tim
2024-11-29 18:43:38,600 [INFO] IPUIPlugin:80 - create IPUIPlugin
2024-11-29 18:43:38,600 [INFO] PluginManager:220 - loadIPPluginJar : add touchsensing
2024-11-29 18:43:38,620 [INFO] IPUIPlugin:80 - create IPUIPlugin
2024-11-29 18:43:38,620 [INFO] PluginManager:220 - loadIPPluginJar : add tracer_emb
2024-11-29 18:43:38,644 [INFO] IPUIPlugin:80 - create IPUIPlugin
2024-11-29 18:43:38,644 [INFO] PluginManager:220 - loadIPPluginJar : add ts
2024-11-29 18:43:38,674 [INFO] IPUIPlugin:80 - create IPUIPlugin
2024-11-29 18:43:38,674 [INFO] PluginManager:220 - loadIPPluginJar : add tsc
2024-11-29 18:43:38,698 [INFO] IPUIPlugin:80 - create IPUIPlugin
2024-11-29 18:43:38,698 [INFO] PluginManager:220 - loadIPPluginJar : add ucpd
2024-11-29 18:43:38,734 [INFO] IPUIPlugin:80 - create IPUIPlugin
2024-11-29 18:43:38,734 [INFO] PluginManager:220 - loadIPPluginJar : add usart
2024-11-29 18:43:38,766 [INFO] IPUIPlugin:80 - create IPUIPlugin
2024-11-29 18:43:38,767 [INFO] PluginManager:220 - loadIPPluginJar : add usbx
2024-11-29 18:43:38,884 [INFO] CADModel:165 - CPN selected for project level
2024-11-29 18:43:38,884 [INFO] CADModel:114 - Register for checkConnection events
2024-11-29 18:43:38,884 [FATAL] Updater:334 - Updater called before beeing initialized
2024-11-29 18:43:38,884 [ERROR] CADModel:125 - Updater not yet initialized, retry later 
2024-11-29 18:43:38,979 [INFO] CADModel:165 - CPN selected for project level
2024-11-29 18:43:38,979 [INFO] CADModel:114 - Register for checkConnection events
2024-11-29 18:43:38,979 [FATAL] Updater:334 - Updater called before beeing initialized
2024-11-29 18:43:38,979 [ERROR] CADModel:125 - Updater not yet initialized, retry later 
2024-11-29 18:43:38,981 [FATAL] Updater:334 - Updater called before beeing initialized
2024-11-29 18:43:39,067 [FATAL] Updater:334 - Updater called before beeing initialized
2024-11-29 18:43:39,076 [INFO] DbMcusAds:53 - JSON generation date=Fri Sep 20 21:04:38 HKT 2024 (1726837478367)
2024-11-29 18:43:39,076 [FATAL] Updater:334 - Updater called before beeing initialized
2024-11-29 18:43:39,102 [WARN] DetailPanel:346 - Failed to get advertising image, set to default
2024-11-29 18:43:39,172 [FATAL] Updater:334 - Updater called before beeing initialized
2024-11-29 18:43:39,174 [FATAL] Updater:334 - Updater called before beeing initialized
2024-11-29 18:43:39,174 [FATAL] Updater:334 - Updater called before beeing initialized
2024-11-29 18:43:39,174 [WARN] DetailPanel:346 - Failed to get advertising image, set to default
2024-11-29 18:43:39,174 [FATAL] Updater:334 - Updater called before beeing initialized
2024-11-29 18:43:39,220 [ERROR] Updater:1164 - MainUpdater not yet initialized. External WinMGr cannot be set.
2024-11-29 18:43:39,232 [INFO] Updater:1100 - Updater Version found : 6.12.1
2024-11-29 18:43:39,249 [INFO] ApplicationProperties:184 - Using Application install path: C:\ST\STM32CubeIDE_1.16.1\STM32CubeIDE\plugins\com.st.stm32cube.common.mx_6.12.1.202409122256
2024-11-29 18:43:39,529 [INFO] ThirdPartyUpdaterWithRetryManager:70 - Updater plugin not ready yet. [2/15]
2024-11-29 18:43:40,833 [ERROR] LogOutputStream:75 - [STDERR_REDIRECT] Nov 29, 2024 6:43:40 PM java.util.prefs.WindowsPreferences <init>
2024-11-29 18:43:40,834 [ERROR] LogOutputStream:75 - [STDERR_REDIRECT] WARNING: Could not open/create prefs root node Software\JavaSoft\Prefs at root 0xffffffff80000002. Windows RegCreateKeyEx(...) returned error code 5.
2024-11-29 18:43:40,835 [ERROR] LogOutputStream:75 - [STDERR_REDIRECT] 
2024-11-29 18:43:41,236 [INFO] MainUpdater:2873 - connection check result : 10
2024-11-29 18:43:41,236 [INFO] MainUpdater:290 - Updater Check For Update Now.
2024-11-29 18:43:41,237 [INFO] MicroXplorer:498 - Change Database Version : DB.6.0.121
2024-11-29 18:43:41,250 [INFO] McuFinderGlobals:63 - Set McuFinder mode to 2 (CubeIDE integrated)
2024-11-29 18:43:41,258 [INFO] UserAuth:417 - Internet connection configuration mode: 1
2024-11-29 18:43:41,278 [INFO] JxBrowserEngine:152 - Initiate JxBrowser Engine with user profile folder
2024-11-29 18:43:41,439 [INFO] CheckServerUpdateThread:120 - End of CheckServer Thread
2024-11-29 18:43:42,704 [WARN] PackLoader:240 - Cannot read IP mode file for STMicroelectronics.FP-SNS-MOTENVWB1.1.4.0
2024-11-29 18:43:42,720 [WARN] PackLoader:240 - Cannot read IP mode file for STMicroelectronics.FP-ATR-ASTRA1.2.0.1
2024-11-29 18:43:42,738 [WARN] PackLoader:240 - Cannot read IP mode file for STMicroelectronics.X-CUBE-SMBUS.2.1.0
2024-11-29 18:43:42,757 [WARN] PackLoader:240 - Cannot read IP mode file for STMicroelectronics.X-CUBE-WB05N.1.1.0
2024-11-29 18:43:42,783 [WARN] PackLoader:240 - Cannot read IP mode file for STMicroelectronics.X-CUBE-AZRTOS-F7.1.1.0
2024-11-29 18:43:42,841 [WARN] PackLoader:240 - Cannot read IP mode file for STMicroelectronics.X-CUBE-MEMS1.11.0.0
2024-11-29 18:43:42,923 [WARN] PackLoader:240 - Cannot read IP mode file for STMicroelectronics.FP-SNS-FLIGHT1.5.0.2
2024-11-29 18:43:42,939 [WARN] PackLoader:240 - Cannot read IP mode file for STMicroelectronics.X-CUBE-DISPLAY.3.0.0
2024-11-29 18:43:42,953 [WARN] PackLoader:240 - Cannot read IP mode file for STMicroelectronics.X-CUBE-BLE1.7.0.0
2024-11-29 18:43:42,968 [WARN] PackLoader:240 - Cannot read IP mode file for STMicroelectronics.X-CUBE-NFC10.1.0.0
2024-11-29 18:43:42,982 [WARN] PackLoader:240 - Cannot read IP mode file for emotas.I-CUBE-CANOPEN.1.3.0
2024-11-29 18:43:42,995 [WARN] PackLoader:240 - Cannot read IP mode file for STMicroelectronics.X-CUBE-BLEMGR.3.1.0
2024-11-29 18:43:43,009 [WARN] PackLoader:240 - Cannot read IP mode file for STMicroelectronics.FP-SNS-SMARTAG2.1.2.0
2024-11-29 18:43:43,025 [INFO] LogOutputStream:77 - [STDOUT_REDIRECT] 1 : Invalid condition id : UX_CORESTACK_Condition cause : null
2024-11-29 18:43:43,025 [INFO] LogOutputStream:77 - [STDOUT_REDIRECT] 1 : Invalid condition id : UX_CORESTACK_Condition cause : null
2024-11-29 18:43:43,026 [INFO] LogOutputStream:77 - [STDOUT_REDIRECT] 1 : Invalid condition id : UX_CORESTACK_Condition cause : null
2024-11-29 18:43:43,026 [INFO] LogOutputStream:77 - [STDOUT_REDIRECT] 1 : Invalid condition id : UX_CORESTACK_Condition cause : null
2024-11-29 18:43:43,027 [INFO] LogOutputStream:77 - [STDOUT_REDIRECT] 1 : Invalid condition id : UX_CORESTACK_Condition cause : null
2024-11-29 18:43:43,028 [WARN] PackLoader:240 - Cannot read IP mode file for STMicroelectronics.X-CUBE-AZRTOS-WL.2.0.0
2024-11-29 18:43:43,040 [WARN] PackLoader:240 - Cannot read IP mode file for STMicroelectronics.FP-SNS-MOTENV1.5.0.0
2024-11-29 18:43:43,052 [WARN] PackLoader:240 - Cannot read IP mode file for wolfSSL.I-CUBE-wolfMQTT.1.19.0
2024-11-29 18:43:43,067 [WARN] PackLoader:240 - Cannot read IP mode file for STMicroelectronics.X-CUBE-BLE2.3.3.0
2024-11-29 18:43:43,080 [WARN] PackLoader:240 - Cannot read IP mode file for STMicroelectronics.X-CUBE-NFC9.1.0.0
2024-11-29 18:43:43,093 [WARN] PackLoader:240 - Cannot read IP mode file for STMicroelectronics.X-CUBE-TCPP.4.1.0
2024-11-29 18:43:43,113 [WARN] PackLoader:240 - Cannot read IP mode file for STMicroelectronics.X-CUBE-AZRTOS-G0.1.1.0
2024-11-29 18:43:43,129 [WARN] PackLoader:240 - Cannot read IP mode file for STMicroelectronics.X-CUBE-SAFEA1.1.2.2
2024-11-29 18:43:43,143 [WARN] PackLoader:240 - Cannot read IP mode file for STMicroelectronics.X-CUBE-NFC4.3.0.0
2024-11-29 18:43:43,159 [WARN] PackLoader:240 - Cannot read IP mode file for EmbeddedOffice.I-CUBE-FS-RTOS.1.0.1
2024-11-29 18:43:43,159 [ERROR] ConditionMgr:805 - Attr not supported : Dmpu
2024-11-29 18:43:43,159 [ERROR] ConditionMgr:805 - Attr not supported : Dmpu
2024-11-29 18:43:43,159 [ERROR] ConditionMgr:805 - Attr not supported : Dmpu
2024-11-29 18:43:43,159 [ERROR] ConditionMgr:805 - Attr not supported : Dmpu
2024-11-29 18:43:43,159 [ERROR] ConditionMgr:805 - Attr not supported : Dmpu
2024-11-29 18:43:43,159 [ERROR] ConditionMgr:805 - Attr not supported : Dmpu
2024-11-29 18:43:43,159 [ERROR] ConditionMgr:805 - Attr not supported : Dmpu
2024-11-29 18:43:43,159 [ERROR] ConditionMgr:805 - Attr not supported : Dmpu
2024-11-29 18:43:43,159 [ERROR] ConditionMgr:805 - Attr not supported : Dmpu
2024-11-29 18:43:43,159 [ERROR] ConditionMgr:805 - Attr not supported : Dmpu
2024-11-29 18:43:43,159 [ERROR] ConditionMgr:805 - Attr not supported : Dmpu
2024-11-29 18:43:43,160 [ERROR] ConditionMgr:805 - Attr not supported : Dmpu
2024-11-29 18:43:43,160 [ERROR] ConditionMgr:805 - Attr not supported : Dmpu
2024-11-29 18:43:43,160 [ERROR] ConditionMgr:805 - Attr not supported : Dmpu
2024-11-29 18:43:43,160 [ERROR] ConditionMgr:805 - Attr not supported : Dmpu
2024-11-29 18:43:43,160 [ERROR] ConditionMgr:805 - Attr not supported : Dmpu
2024-11-29 18:43:43,160 [ERROR] ConditionMgr:805 - Attr not supported : Dmpu
2024-11-29 18:43:43,160 [ERROR] ConditionMgr:805 - Attr not supported : Dmpu
2024-11-29 18:43:43,160 [ERROR] ConditionMgr:805 - Attr not supported : Dmpu
2024-11-29 18:43:43,160 [ERROR] ConditionMgr:805 - Attr not supported : Dmpu
2024-11-29 18:43:43,160 [ERROR] ConditionMgr:805 - Attr not supported : Dmpu
2024-11-29 18:43:43,160 [ERROR] ConditionMgr:805 - Attr not supported : Dmpu
2024-11-29 18:43:43,160 [ERROR] ConditionMgr:805 - Attr not supported : Dmpu
2024-11-29 18:43:43,160 [ERROR] ConditionMgr:805 - Attr not supported : Dmpu
2024-11-29 18:43:43,160 [ERROR] ConditionMgr:805 - Attr not supported : Dmpu
2024-11-29 18:43:43,160 [ERROR] ConditionMgr:805 - Attr not supported : Dmpu
2024-11-29 18:43:43,160 [ERROR] ConditionMgr:805 - Attr not supported : Dmpu
2024-11-29 18:43:43,160 [ERROR] ConditionMgr:805 - Attr not supported : Dmpu
2024-11-29 18:43:43,160 [ERROR] ConditionMgr:805 - Attr not supported : Dmpu
2024-11-29 18:43:43,160 [ERROR] ConditionMgr:805 - Attr not supported : Dmpu
2024-11-29 18:43:43,160 [ERROR] ConditionMgr:805 - Attr not supported : Dmpu
2024-11-29 18:43:43,160 [ERROR] ConditionMgr:805 - Attr not supported : Dmpu
2024-11-29 18:43:43,160 [ERROR] ConditionMgr:805 - Attr not supported : Dmpu
2024-11-29 18:43:43,160 [ERROR] ConditionMgr:805 - Attr not supported : Dmpu
2024-11-29 18:43:43,160 [ERROR] ConditionMgr:805 - Attr not supported : Dmpu
2024-11-29 18:43:43,160 [ERROR] ConditionMgr:805 - Attr not supported : Dmpu
2024-11-29 18:43:43,160 [ERROR] ConditionMgr:805 - Attr not supported : Dmpu
2024-11-29 18:43:43,160 [ERROR] ConditionMgr:805 - Attr not supported : Dmpu
2024-11-29 18:43:43,160 [ERROR] ConditionMgr:805 - Attr not supported : Dmpu
2024-11-29 18:43:43,160 [ERROR] ConditionMgr:805 - Attr not supported : Dmpu
2024-11-29 18:43:43,160 [ERROR] ConditionMgr:805 - Attr not supported : Dmpu
2024-11-29 18:43:43,160 [ERROR] ConditionMgr:805 - Attr not supported : Dmpu
2024-11-29 18:43:43,160 [ERROR] ConditionMgr:805 - Attr not supported : Dmpu
2024-11-29 18:43:43,161 [ERROR] ConditionMgr:805 - Attr not supported : Dmpu
2024-11-29 18:43:43,161 [ERROR] ConditionMgr:805 - Attr not supported : Dmpu
2024-11-29 18:43:43,161 [ERROR] ConditionMgr:805 - Attr not supported : Dmpu
2024-11-29 18:43:43,161 [ERROR] ConditionMgr:805 - Attr not supported : Dmpu
2024-11-29 18:43:43,161 [ERROR] ConditionMgr:805 - Attr not supported : Dmpu
2024-11-29 18:43:43,161 [ERROR] ConditionMgr:805 - Attr not supported : Dmpu
2024-11-29 18:43:43,161 [ERROR] ConditionMgr:805 - Attr not supported : Dmpu
2024-11-29 18:43:43,161 [ERROR] ConditionMgr:805 - Attr not supported : Dmpu
2024-11-29 18:43:43,161 [ERROR] ConditionMgr:805 - Attr not supported : Dmpu
2024-11-29 18:43:43,161 [ERROR] ConditionMgr:805 - Attr not supported : Dmpu
2024-11-29 18:43:43,161 [ERROR] ConditionMgr:805 - Attr not supported : Dmpu
2024-11-29 18:43:43,161 [ERROR] ConditionMgr:805 - Attr not supported : Dmpu
2024-11-29 18:43:43,161 [ERROR] ConditionMgr:805 - Attr not supported : Dmpu
2024-11-29 18:43:43,161 [ERROR] ConditionMgr:805 - Attr not supported : Dmpu
2024-11-29 18:43:43,161 [ERROR] ConditionMgr:805 - Attr not supported : Dmpu
2024-11-29 18:43:43,161 [ERROR] ConditionMgr:805 - Attr not supported : Dmpu
2024-11-29 18:43:43,161 [ERROR] ConditionMgr:805 - Attr not supported : Dmpu
2024-11-29 18:43:43,161 [ERROR] ConditionMgr:805 - Attr not supported : Dmpu
2024-11-29 18:43:43,161 [ERROR] ConditionMgr:805 - Attr not supported : Dmpu
2024-11-29 18:43:43,161 [ERROR] ConditionMgr:805 - Attr not supported : Dmpu
2024-11-29 18:43:43,161 [ERROR] ConditionMgr:805 - Attr not supported : Dmpu
2024-11-29 18:43:43,173 [WARN] PackLoader:240 - Cannot read IP mode file for RealThread.X-CUBE-RT-Thread_Nano.4.1.1
2024-11-29 18:43:43,185 [WARN] PackLoader:240 - Cannot read IP mode file for STMicroelectronics.FP-ATR-SIGFOX1.3.2.0
2024-11-29 18:43:43,196 [WARN] PackLoader:240 - Cannot read IP mode file for wolfSSL.I-CUBE-wolfSSL.5.7.2
2024-11-29 18:43:43,209 [WARN] ConditionMgr:438 - getConditionDescription Invalid condition id : Cortex-A Device cause : null
2024-11-29 18:43:43,227 [WARN] ConditionMgr:1039 - genDependencies : Invalid condition id : Cortex-A Device cause : null
2024-11-29 18:43:43,227 [WARN] ConditionMgr:1039 - genDependencies : Invalid condition id : Cortex-A Device cause : null
2024-11-29 18:43:43,227 [WARN] ConditionMgr:1039 - genDependencies : Invalid condition id : Cortex-A Device cause : null
2024-11-29 18:43:43,241 [WARN] PackLoader:240 - Cannot read IP mode file for STMicroelectronics.X-CUBE-EEPRMA1.5.1.0
2024-11-29 18:43:43,255 [WARN] PackLoader:240 - Cannot read IP mode file for ITTIA_DB.I-CUBE-ITTIADB.8.9.0
2024-11-29 18:43:43,282 [WARN] PackLoader:240 - Cannot read IP mode file for SEGGER.I-CUBE-embOS.1.3.1
2024-11-29 18:43:43,320 [WARN] PackLoader:240 - Cannot read IP mode file for STMicroelectronics.X-CUBE-ALGOBUILD.1.4.0
2024-11-29 18:43:43,340 [WARN] PackLoader:240 - Cannot read IP mode file for STMicroelectronics.X-CUBE-AI.9.1.0
2024-11-29 18:43:43,359 [WARN] PackLoader:240 - Cannot read IP mode file for STMicroelectronics.X-CUBE-AZRTOS-F4.1.1.0
2024-11-29 18:43:43,373 [WARN] PackLoader:240 - Cannot read IP mode file for STMicroelectronics.X-CUBE-ISPU.2.1.0
2024-11-29 18:43:43,384 [WARN] PackLoader:240 - Cannot read IP mode file for STMicroelectronics.X-CUBE-FREERTOS.1.2.0
2024-11-29 18:43:43,403 [WARN] PackLoader:240 - Cannot read IP mode file for STMicroelectronics.X-CUBE-AZRTOS-L5.2.0.0
2024-11-29 18:43:43,417 [WARN] PackLoader:240 - Cannot read IP mode file for STMicroelectronics.X-CUBE-NFC6.3.1.0
2024-11-29 18:43:43,429 [WARN] PackLoader:240 - Cannot read IP mode file for STMicroelectronics.X-CUBE-DPower.1.2.0
2024-11-29 18:43:43,442 [WARN] PackLoader:240 - Cannot read IP mode file for STMicroelectronics.X-CUBE-NFC7.1.0.1
2024-11-29 18:43:43,465 [WARN] ConditionMgr:438 - getConditionDescription Invalid condition id : LAN8742 Phy interface Condition cause : null
2024-11-29 18:43:43,466 [WARN] PackLoader:240 - Cannot read IP mode file for STMicroelectronics.X-CUBE-AZRTOS-L4.2.0.0
2024-11-29 18:43:43,466 [WARN] ConditionMgr:1039 - genDependencies : Invalid condition id : LAN8742 Phy interface Condition cause : null
2024-11-29 18:43:43,467 [WARN] ConditionMgr:1039 - genDependencies : Invalid condition id : LAN8742 Phy interface Condition cause : null
2024-11-29 18:43:43,467 [WARN] ConditionMgr:1039 - genDependencies : Invalid condition id : LAN8742 Phy interface Condition cause : null
2024-11-29 18:43:43,481 [WARN] PackLoader:240 - Cannot read IP mode file for STMicroelectronics.X-CUBE-SFXS2LP1.4.0.0
2024-11-29 18:43:43,503 [WARN] PackLoader:240 - Cannot read IP mode file for STMicroelectronics.X-CUBE-AZRTOS-H7.3.3.0
2024-11-29 18:43:43,519 [WARN] PackLoader:240 - Cannot read IP mode file for STMicroelectronics.X-CUBE-IPS.3.0.0
2024-11-29 18:43:43,538 [WARN] ConditionMgr:438 - getConditionDescription Invalid condition id : UX DEVICE CLASS RTOS Condition cause : null
2024-11-29 18:43:43,538 [WARN] ConditionMgr:438 - getConditionDescription Invalid condition id : UX DEVICE CLASS RTOS Condition cause : null
2024-11-29 18:43:43,540 [WARN] PackLoader:240 - Cannot read IP mode file for STMicroelectronics.X-CUBE-AZRTOS-WB.2.0.0
2024-11-29 18:43:43,540 [WARN] ConditionMgr:1039 - genDependencies : Invalid condition id : UX DEVICE CLASS RTOS Condition cause : null
2024-11-29 18:43:43,540 [WARN] ConditionMgr:1039 - genDependencies : Invalid condition id : UX DEVICE CLASS RTOS Condition cause : null
2024-11-29 18:43:43,540 [WARN] ConditionMgr:1039 - genDependencies : Invalid condition id : UX DEVICE CLASS RTOS Condition cause : null
2024-11-29 18:43:43,540 [WARN] ConditionMgr:1039 - genDependencies : Invalid condition id : UX DEVICE CLASS RTOS Condition cause : null
2024-11-29 18:43:43,540 [WARN] ConditionMgr:1039 - genDependencies : Invalid condition id : UX DEVICE CLASS RTOS Condition cause : null
2024-11-29 18:43:43,553 [WARN] PackLoader:240 - Cannot read IP mode file for STMicroelectronics.X-CUBE-GNSS1.7.0.0
2024-11-29 18:43:43,566 [WARN] PackLoader:240 - Cannot read IP mode file for STMicroelectronics.FP-SNS-STBOX1.2.0.0
2024-11-29 18:43:43,588 [WARN] PackLoader:240 - Cannot read IP mode file for STMicroelectronics.X-CUBE-SUBG2.5.0.0
2024-11-29 18:43:43,600 [WARN] PackLoader:240 - Cannot read IP mode file for Cesanta.I-CUBE-Mongoose.7.13.0
2024-11-29 18:43:43,619 [WARN] PackLoader:240 - Cannot read IP mode file for STMicroelectronics.X-CUBE-AZRTOS-G4.2.0.0
2024-11-29 18:43:43,631 [WARN] PackLoader:240 - Cannot read IP mode file for STMicroelectronics.X-CUBE-ALS.1.0.2
2024-11-29 18:43:43,642 [WARN] PackLoader:240 - Cannot read IP mode file for STMicroelectronics.X-CUBE-TOUCHGFX.4.24.1
2024-11-29 18:43:43,651 [WARN] PackLoader:240 - Cannot read IP mode file for wolfSSL.I-CUBE-wolfTPM.3.4.0
2024-11-29 18:43:43,663 [WARN] PackLoader:240 - Cannot read IP mode file for portGmbH.I-Cube-SoM-uGOAL.1.1.0
2024-11-29 18:43:43,681 [WARN] PackLoader:240 - Cannot read IP mode file for STMicroelectronics.X-CUBE-AZRTOS-H7RS.1.0.0
2024-11-29 18:43:43,693 [WARN] PackLoader:240 - Cannot read IP mode file for STMicroelectronics.FP-ATR-ASTRA1.2.0.0
2024-11-29 18:43:43,706 [WARN] PackLoader:240 - Cannot read IP mode file for STMicroelectronics.X-CUBE-TOF1.3.4.2
2024-11-29 18:43:43,732 [WARN] PackLoader:240 - Cannot read IP mode file for Infineon.AIROC-Wi-Fi-Bluetooth-STM32.1.6.1
2024-11-29 18:43:43,742 [WARN] PackLoader:240 - Cannot read IP mode file for wolfSSL.I-CUBE-wolfSSH.1.4.17
2024-11-29 18:43:43,743 [INFO] ThirdParty:978 - Integrity check success = true
2024-11-29 18:43:43,743 [INFO] IntegrityCheckThread:100 - exiting critical section [integrity check]
2024-11-29 18:43:43,743 [INFO] IntegrityCheckThread:103 - End integrity checks thread
2024-11-29 18:43:46,755 [INFO] WebApp:167 - Instantiating new browser for Auth
2024-11-29 18:43:48,374 [INFO] WebApp:448 - Apply proxy settings
2024-11-29 18:43:48,374 [INFO] WebApp:533 - Chromium requires no authentication
2024-11-29 18:43:48,385 [INFO] WebApp:476 - Direct internet connection detected
2024-11-29 18:43:48,413 [INFO] WebApp:869 - Register for checkConnection events
2024-11-29 18:43:48,413 [INFO] WebApp:448 - Apply proxy settings
2024-11-29 18:43:48,413 [INFO] WebApp:533 - Chromium requires no authentication
2024-11-29 18:43:48,413 [INFO] WebApp:476 - Direct internet connection detected
2024-11-29 18:43:48,543 [INFO] WebApp:220 - Starting web application
2024-11-29 18:43:48,543 [INFO] WebApp:578 - Web application path used C:\ST\STM32CubeIDE_1.16.1\STM32CubeIDE\plugins\com.st.stm32cube.common.mx_6.12.1.202409122256\db\plugins\mcufinder\reactClient1\index.html
2024-11-29 18:43:48,683 [INFO] UserAuth:417 - Internet connection configuration mode: 1
2024-11-29 23:52:46,734 [INFO] WebApp:388 - JxBrowser engine has been closed 
2024-11-29 23:53:48,171 [ERROR] LogOutputStream:75 - [STDERR_REDIRECT] 
